2019-04-28 22:02:01,402 [Worker-22] INFO  o.e.m.c.i.l.LifecycleMappingFactory - Using org.eclipse.m2e.jdt.JarLifecycleMapping lifecycle mapping for MavenProject: qaclickacademy:Mavenjava:1.0-SNAPSHOT @ C:\Users\Echin\Mavenjava\pom.xml.
2019-04-28 22:02:03,315 [Worker-22] WARN  o.e.m.c.i.embedder.EclipseLogger - The POM for com.sun.xml.bind:jaxb-osgi:jar:2.2.10 is invalid, transitive dependencies (if any) will not be available, enable debug logging for more details
2019-04-28 22:02:18,933 [Worker-22] WARN  o.e.m.c.i.embedder.EclipseLogger - Using platform encoding (Cp1252 actually) to copy filtered resources, i.e. build is platform dependent!
2019-04-28 22:02:18,939 [Worker-22] INFO  o.e.m.c.i.embedder.EclipseLogger - skip non existing resourceDirectory C:\Users\Echin\Mavenjava\src\main\resources
2019-04-28 22:02:18,942 [Worker-22] WARN  o.e.m.c.i.embedder.EclipseLogger - Using platform encoding (Cp1252 actually) to copy filtered resources, i.e. build is platform dependent!
2019-04-28 22:02:18,949 [Worker-22] INFO  o.e.m.c.i.embedder.EclipseLogger - skip non existing resourceDirectory C:\Users\Echin\Mavenjava\src\test\resources
2019-04-28 22:02:19,782 [Worker-16] WARN  o.e.m.c.i.embedder.EclipseLogger - The POM for com.sun.xml.bind:jaxb-osgi:jar:2.2.10 is invalid, transitive dependencies (if any) will not be available, enable debug logging for more details
2019-04-28 22:02:20,462 [Worker-16] WARN  o.e.m.c.i.embedder.EclipseLogger - Using platform encoding (Cp1252 actually) to copy filtered resources, i.e. build is platform dependent!
2019-04-28 22:02:20,467 [Worker-16] INFO  o.e.m.c.i.embedder.EclipseLogger - skip non existing resourceDirectory C:\Users\Echin\Mavenjava\src\main\resources
2019-04-28 22:02:20,469 [Worker-16] WARN  o.e.m.c.i.embedder.EclipseLogger - Using platform encoding (Cp1252 actually) to copy filtered resources, i.e. build is platform dependent!
2019-04-28 22:02:20,475 [Worker-16] INFO  o.e.m.c.i.embedder.EclipseLogger - skip non existing resourceDirectory C:\Users\Echin\Mavenjava\src\test\resources
2019-04-28 22:06:03,462 [Worker-17] WARN  o.e.m.c.i.embedder.EclipseLogger - Using platform encoding (Cp1252 actually) to copy filtered resources, i.e. build is platform dependent!
2019-04-28 22:06:03,473 [Worker-17] INFO  o.e.m.c.i.embedder.EclipseLogger - skip non existing resourceDirectory C:\Users\Echin\Mavenjava\src\main\resources
2019-04-28 22:06:03,475 [Worker-17] WARN  o.e.m.c.i.embedder.EclipseLogger - Using platform encoding (Cp1252 actually) to copy filtered resources, i.e. build is platform dependent!
2019-04-28 22:06:03,482 [Worker-17] INFO  o.e.m.c.i.embedder.EclipseLogger - skip non existing resourceDirectory C:\Users\Echin\Mavenjava\src\test\resources
2019-04-28 22:40:13,042 [Worker-18] INFO  o.e.m.c.i.l.LifecycleMappingFactory - Using org.eclipse.m2e.jdt.JarLifecycleMapping lifecycle mapping for MavenProject: qaclickacademy:Mavenjava1:1.0-SNAPSHOT @ C:\Users\Echin\Mavenjava1\pom.xml.
2019-04-28 22:40:13,245 [Worker-18] INFO  o.e.m.j.i.AbstractJavaProjectConfigurator - Adding source folder /Mavenjava1/src/main/java
2019-04-28 22:40:13,246 [Worker-18] INFO  o.e.m.j.i.AbstractJavaProjectConfigurator - Adding source folder /Mavenjava1/src/test/java
2019-04-28 22:40:13,375 [Worker-18] INFO  o.e.m.c.i.p.ProjectConfigurationManager - Imported and configured 1 project(s) in 4 sec
2019-04-28 22:40:13,945 [Worker-18] WARN  o.e.m.c.i.embedder.EclipseLogger - Using platform encoding (Cp1252 actually) to copy filtered resources, i.e. build is platform dependent!
2019-04-28 22:40:13,961 [Worker-18] INFO  o.e.m.c.i.embedder.EclipseLogger - skip non existing resourceDirectory C:\Users\Echin\Mavenjava1\src\main\resources
2019-04-28 22:40:13,969 [Worker-18] WARN  o.e.m.c.i.embedder.EclipseLogger - Using platform encoding (Cp1252 actually) to copy filtered resources, i.e. build is platform dependent!
2019-04-28 22:40:13,984 [Worker-18] INFO  o.e.m.c.i.embedder.EclipseLogger - skip non existing resourceDirectory C:\Users\Echin\Mavenjava1\src\test\resources
2019-04-29 09:38:08,562 [Worker-16] WARN  o.e.m.c.i.embedder.EclipseLogger - Using platform encoding (Cp1252 actually) to copy filtered resources, i.e. build is platform dependent!
2019-04-29 09:38:08,610 [Worker-16] INFO  o.e.m.c.i.embedder.EclipseLogger - skip non existing resourceDirectory C:\Users\Echin\Mavenjava\src\main\resources
2019-04-29 09:38:08,615 [Worker-16] WARN  o.e.m.c.i.embedder.EclipseLogger - Using platform encoding (Cp1252 actually) to copy filtered resources, i.e. build is platform dependent!
2019-04-29 09:38:08,628 [Worker-16] INFO  o.e.m.c.i.embedder.EclipseLogger - skip non existing resourceDirectory C:\Users\Echin\Mavenjava\src\test\resources
2019-04-29 09:42:14,377 [Worker-26] WARN  o.e.m.c.i.embedder.EclipseLogger - Using platform encoding (Cp1252 actually) to copy filtered resources, i.e. build is platform dependent!
2019-04-29 09:42:14,638 [Worker-26] INFO  o.e.m.c.i.embedder.EclipseLogger - skip non existing resourceDirectory C:\Users\Echin\Mavenjava\src\main\resources
2019-04-29 09:42:14,644 [Worker-26] WARN  o.e.m.c.i.embedder.EclipseLogger - Using platform encoding (Cp1252 actually) to copy filtered resources, i.e. build is platform dependent!
2019-04-29 09:42:14,662 [Worker-26] INFO  o.e.m.c.i.embedder.EclipseLogger - skip non existing resourceDirectory C:\Users\Echin\Mavenjava\src\test\resources
2019-04-29 09:42:14,757 [Worker-26] WARN  o.e.m.c.i.embedder.EclipseLogger - Using platform encoding (Cp1252 actually) to copy filtered resources, i.e. build is platform dependent!
2019-04-29 09:42:14,769 [Worker-26] INFO  o.e.m.c.i.embedder.EclipseLogger - skip non existing resourceDirectory C:\Users\Echin\Mavenjava1\src\main\resources
2019-04-29 09:42:14,771 [Worker-26] WARN  o.e.m.c.i.embedder.EclipseLogger - Using platform encoding (Cp1252 actually) to copy filtered resources, i.e. build is platform dependent!
2019-04-29 09:42:14,785 [Worker-26] INFO  o.e.m.c.i.embedder.EclipseLogger - skip non existing resourceDirectory C:\Users\Echin\Mavenjava1\src\test\resources
2019-04-29 09:48:33,343 [Worker-32] WARN  o.e.m.c.i.embedder.EclipseLogger - Using platform encoding (Cp1252 actually) to copy filtered resources, i.e. build is platform dependent!
2019-04-29 09:48:33,362 [Worker-32] INFO  o.e.m.c.i.embedder.EclipseLogger - skip non existing resourceDirectory C:\Users\Echin\Mavenjava\src\main\resources
2019-04-29 09:48:33,370 [Worker-32] WARN  o.e.m.c.i.embedder.EclipseLogger - Using platform encoding (Cp1252 actually) to copy filtered resources, i.e. build is platform dependent!
2019-04-29 09:48:33,384 [Worker-32] INFO  o.e.m.c.i.embedder.EclipseLogger - skip non existing resourceDirectory C:\Users\Echin\Mavenjava\src\test\resources
2019-04-29 09:48:50,942 [Worker-30] WARN  o.e.m.c.i.embedder.EclipseLogger - Using platform encoding (Cp1252 actually) to copy filtered resources, i.e. build is platform dependent!
2019-04-29 09:48:50,964 [Worker-30] INFO  o.e.m.c.i.embedder.EclipseLogger - skip non existing resourceDirectory C:\Users\Echin\Mavenjava\src\main\resources
2019-04-29 09:48:50,982 [Worker-30] WARN  o.e.m.c.i.embedder.EclipseLogger - Using platform encoding (Cp1252 actually) to copy filtered resources, i.e. build is platform dependent!
2019-04-29 09:48:51,006 [Worker-30] INFO  o.e.m.c.i.embedder.EclipseLogger - skip non existing resourceDirectory C:\Users\Echin\Mavenjava\src\test\resources
2019-04-29 10:32:01,339 [Worker-30] INFO  o.e.m.c.i.l.LifecycleMappingFactory - Using org.eclipse.m2e.jdt.JarLifecycleMapping lifecycle mapping for MavenProject: qaclickacademy:Mavenjava:1.0-SNAPSHOT @ C:\Users\Echin\Mavenjava\pom.xml.
2019-04-29 10:32:01,815 [Worker-30] INFO  o.e.m.c.i.e.AbstractTransferListenerAdapter - Downloading https://repo.maven.apache.org/maven2/org/seleniumhq/selenium/selenium-java/3.6.0/selenium-java-3.6.0.pom
2019-04-29 10:32:01,941 [Worker-30] INFO  o.e.m.c.i.e.AbstractTransferListenerAdapter - Downloaded https://repo.maven.apache.org/maven2/org/seleniumhq/selenium/selenium-java/3.6.0/selenium-java-3.6.0.pom
2019-04-29 10:32:01,990 [Worker-30] INFO  o.e.m.c.i.e.AbstractTransferListenerAdapter - Downloading https://repo.maven.apache.org/maven2/org/seleniumhq/selenium/selenium-api/3.6.0/selenium-api-3.6.0.pom
2019-04-29 10:32:02,038 [Worker-30] INFO  o.e.m.c.i.e.AbstractTransferListenerAdapter - Downloaded https://repo.maven.apache.org/maven2/org/seleniumhq/selenium/selenium-api/3.6.0/selenium-api-3.6.0.pom
2019-04-29 10:32:02,087 [Worker-30] INFO  o.e.m.c.i.e.AbstractTransferListenerAdapter - Downloading https://repo.maven.apache.org/maven2/org/seleniumhq/selenium/selenium-chrome-driver/3.6.0/selenium-chrome-driver-3.6.0.pom
2019-04-29 10:32:02,131 [Worker-30] INFO  o.e.m.c.i.e.AbstractTransferListenerAdapter - Downloaded https://repo.maven.apache.org/maven2/org/seleniumhq/selenium/selenium-chrome-driver/3.6.0/selenium-chrome-driver-3.6.0.pom
2019-04-29 10:32:02,180 [Worker-30] INFO  o.e.m.c.i.e.AbstractTransferListenerAdapter - Downloading https://repo.maven.apache.org/maven2/org/seleniumhq/selenium/selenium-remote-driver/3.6.0/selenium-remote-driver-3.6.0.pom
2019-04-29 10:32:02,227 [Worker-30] INFO  o.e.m.c.i.e.AbstractTransferListenerAdapter - Downloaded https://repo.maven.apache.org/maven2/org/seleniumhq/selenium/selenium-remote-driver/3.6.0/selenium-remote-driver-3.6.0.pom
2019-04-29 10:32:02,279 [Worker-30] INFO  o.e.m.c.i.e.AbstractTransferListenerAdapter - Downloading https://repo.maven.apache.org/maven2/net/bytebuddy/byte-buddy/1.7.5/byte-buddy-1.7.5.pom
2019-04-29 10:32:02,340 [Worker-30] INFO  o.e.m.c.i.e.AbstractTransferListenerAdapter - Downloaded https://repo.maven.apache.org/maven2/net/bytebuddy/byte-buddy/1.7.5/byte-buddy-1.7.5.pom
2019-04-29 10:32:02,384 [Worker-30] INFO  o.e.m.c.i.e.AbstractTransferListenerAdapter - Downloading https://repo.maven.apache.org/maven2/net/bytebuddy/byte-buddy-parent/1.7.5/byte-buddy-parent-1.7.5.pom
2019-04-29 10:32:02,524 [Worker-30] INFO  o.e.m.c.i.e.AbstractTransferListenerAdapter - Downloaded https://repo.maven.apache.org/maven2/net/bytebuddy/byte-buddy-parent/1.7.5/byte-buddy-parent-1.7.5.pom
2019-04-29 10:32:02,634 [Worker-30] INFO  o.e.m.c.i.e.AbstractTransferListenerAdapter - Downloading https://repo.maven.apache.org/maven2/com/google/code/gson/gson/2.8.0/gson-2.8.0.pom
2019-04-29 10:32:02,669 [Worker-30] INFO  o.e.m.c.i.e.AbstractTransferListenerAdapter - Downloaded https://repo.maven.apache.org/maven2/com/google/code/gson/gson/2.8.0/gson-2.8.0.pom
2019-04-29 10:32:02,735 [Worker-30] INFO  o.e.m.c.i.e.AbstractTransferListenerAdapter - Downloading https://repo.maven.apache.org/maven2/com/google/code/gson/gson-parent/2.8.0/gson-parent-2.8.0.pom
2019-04-29 10:32:02,781 [Worker-30] INFO  o.e.m.c.i.e.AbstractTransferListenerAdapter - Downloaded https://repo.maven.apache.org/maven2/com/google/code/gson/gson-parent/2.8.0/gson-parent-2.8.0.pom
2019-04-29 10:32:02,836 [Worker-30] INFO  o.e.m.c.i.e.AbstractTransferListenerAdapter - Downloading https://repo.maven.apache.org/maven2/com/google/guava/guava/23.0/guava-23.0.pom
2019-04-29 10:32:02,883 [Worker-30] INFO  o.e.m.c.i.e.AbstractTransferListenerAdapter - Downloaded https://repo.maven.apache.org/maven2/com/google/guava/guava/23.0/guava-23.0.pom
2019-04-29 10:32:02,924 [Worker-30] INFO  o.e.m.c.i.e.AbstractTransferListenerAdapter - Downloading https://repo.maven.apache.org/maven2/com/google/guava/guava-parent/23.0/guava-parent-23.0.pom
2019-04-29 10:32:02,983 [Worker-30] INFO  o.e.m.c.i.e.AbstractTransferListenerAdapter - Downloaded https://repo.maven.apache.org/maven2/com/google/guava/guava-parent/23.0/guava-parent-23.0.pom
2019-04-29 10:32:03,035 [Worker-30] INFO  o.e.m.c.i.e.AbstractTransferListenerAdapter - Downloading https://repo.maven.apache.org/maven2/com/google/errorprone/error_prone_annotations/2.0.18/error_prone_annotations-2.0.18.pom
2019-04-29 10:32:03,078 [Worker-30] INFO  o.e.m.c.i.e.AbstractTransferListenerAdapter - Downloaded https://repo.maven.apache.org/maven2/com/google/errorprone/error_prone_annotations/2.0.18/error_prone_annotations-2.0.18.pom
2019-04-29 10:32:03,127 [Worker-30] INFO  o.e.m.c.i.e.AbstractTransferListenerAdapter - Downloading https://repo.maven.apache.org/maven2/com/google/errorprone/error_prone_parent/2.0.18/error_prone_parent-2.0.18.pom
2019-04-29 10:32:03,175 [Worker-30] INFO  o.e.m.c.i.e.AbstractTransferListenerAdapter - Downloaded https://repo.maven.apache.org/maven2/com/google/errorprone/error_prone_parent/2.0.18/error_prone_parent-2.0.18.pom
2019-04-29 10:32:03,277 [Worker-30] INFO  o.e.m.c.i.e.AbstractTransferListenerAdapter - Downloading https://repo.maven.apache.org/maven2/net/java/dev/jna/jna/4.1.0/jna-4.1.0.pom
2019-04-29 10:32:03,321 [Worker-30] INFO  o.e.m.c.i.e.AbstractTransferListenerAdapter - Downloaded https://repo.maven.apache.org/maven2/net/java/dev/jna/jna/4.1.0/jna-4.1.0.pom
2019-04-29 10:32:03,388 [Worker-30] INFO  o.e.m.c.i.e.AbstractTransferListenerAdapter - Downloading https://repo.maven.apache.org/maven2/net/java/dev/jna/jna-platform/4.1.0/jna-platform-4.1.0.pom
2019-04-29 10:32:03,433 [Worker-30] INFO  o.e.m.c.i.e.AbstractTransferListenerAdapter - Downloaded https://repo.maven.apache.org/maven2/net/java/dev/jna/jna-platform/4.1.0/jna-platform-4.1.0.pom
2019-04-29 10:32:03,486 [Worker-30] INFO  o.e.m.c.i.e.AbstractTransferListenerAdapter - Downloading https://repo.maven.apache.org/maven2/org/seleniumhq/selenium/selenium-edge-driver/3.6.0/selenium-edge-driver-3.6.0.pom
2019-04-29 10:32:03,539 [Worker-30] INFO  o.e.m.c.i.e.AbstractTransferListenerAdapter - Downloaded https://repo.maven.apache.org/maven2/org/seleniumhq/selenium/selenium-edge-driver/3.6.0/selenium-edge-driver-3.6.0.pom
2019-04-29 10:32:03,589 [Worker-30] INFO  o.e.m.c.i.e.AbstractTransferListenerAdapter - Downloading https://repo.maven.apache.org/maven2/org/seleniumhq/selenium/selenium-firefox-driver/3.6.0/selenium-firefox-driver-3.6.0.pom
2019-04-29 10:32:03,671 [Worker-30] INFO  o.e.m.c.i.e.AbstractTransferListenerAdapter - Downloaded https://repo.maven.apache.org/maven2/org/seleniumhq/selenium/selenium-firefox-driver/3.6.0/selenium-firefox-driver-3.6.0.pom
2019-04-29 10:32:03,716 [Worker-30] INFO  o.e.m.c.i.e.AbstractTransferListenerAdapter - Downloading https://repo.maven.apache.org/maven2/org/seleniumhq/selenium/selenium-ie-driver/3.6.0/selenium-ie-driver-3.6.0.pom
2019-04-29 10:32:03,762 [Worker-30] INFO  o.e.m.c.i.e.AbstractTransferListenerAdapter - Downloaded https://repo.maven.apache.org/maven2/org/seleniumhq/selenium/selenium-ie-driver/3.6.0/selenium-ie-driver-3.6.0.pom
2019-04-29 10:32:03,834 [Worker-30] INFO  o.e.m.c.i.e.AbstractTransferListenerAdapter - Downloading https://repo.maven.apache.org/maven2/org/seleniumhq/selenium/selenium-opera-driver/3.6.0/selenium-opera-driver-3.6.0.pom
2019-04-29 10:32:03,881 [Worker-30] INFO  o.e.m.c.i.e.AbstractTransferListenerAdapter - Downloaded https://repo.maven.apache.org/maven2/org/seleniumhq/selenium/selenium-opera-driver/3.6.0/selenium-opera-driver-3.6.0.pom
2019-04-29 10:32:03,944 [Worker-30] INFO  o.e.m.c.i.e.AbstractTransferListenerAdapter - Downloading https://repo.maven.apache.org/maven2/org/seleniumhq/selenium/selenium-safari-driver/3.6.0/selenium-safari-driver-3.6.0.pom
2019-04-29 10:32:03,986 [Worker-30] INFO  o.e.m.c.i.e.AbstractTransferListenerAdapter - Downloaded https://repo.maven.apache.org/maven2/org/seleniumhq/selenium/selenium-safari-driver/3.6.0/selenium-safari-driver-3.6.0.pom
2019-04-29 10:32:04,024 [Worker-30] INFO  o.e.m.c.i.e.AbstractTransferListenerAdapter - Downloading https://repo.maven.apache.org/maven2/org/seleniumhq/selenium/selenium-support/3.6.0/selenium-support-3.6.0.pom
2019-04-29 10:32:04,069 [Worker-30] INFO  o.e.m.c.i.e.AbstractTransferListenerAdapter - Downloaded https://repo.maven.apache.org/maven2/org/seleniumhq/selenium/selenium-support/3.6.0/selenium-support-3.6.0.pom
2019-04-29 10:32:04,114 [Worker-30] INFO  o.e.m.c.i.e.AbstractTransferListenerAdapter - Downloading https://repo.maven.apache.org/maven2/org/testng/testng/6.11/testng-6.11.pom
2019-04-29 10:32:04,154 [Worker-30] INFO  o.e.m.c.i.e.AbstractTransferListenerAdapter - Downloaded https://repo.maven.apache.org/maven2/org/testng/testng/6.11/testng-6.11.pom
2019-04-29 10:32:04,192 [Worker-30] INFO  o.e.m.c.i.e.AbstractTransferListenerAdapter - Downloading https://repo.maven.apache.org/maven2/com/beust/jcommander/1.64/jcommander-1.64.pom
2019-04-29 10:32:04,229 [Worker-30] INFO  o.e.m.c.i.e.AbstractTransferListenerAdapter - Downloaded https://repo.maven.apache.org/maven2/com/beust/jcommander/1.64/jcommander-1.64.pom
2019-04-29 10:32:04,282 [Worker-30] INFO  o.e.m.c.i.e.AbstractTransferListenerAdapter - Downloading https://repo.maven.apache.org/maven2/org/yaml/snakeyaml/1.17/snakeyaml-1.17.pom
2019-04-29 10:32:04,416 [Worker-30] INFO  o.e.m.c.i.e.AbstractTransferListenerAdapter - Downloaded https://repo.maven.apache.org/maven2/org/yaml/snakeyaml/1.17/snakeyaml-1.17.pom
2019-04-29 10:32:04,459 [Worker-30] INFO  o.e.m.c.i.e.AbstractTransferListenerAdapter - Downloading https://repo.maven.apache.org/maven2/io/rest-assured/rest-assured/3.0.5/rest-assured-3.0.5.pom
2019-04-29 10:32:04,504 [Worker-30] INFO  o.e.m.c.i.e.AbstractTransferListenerAdapter - Downloaded https://repo.maven.apache.org/maven2/io/rest-assured/rest-assured/3.0.5/rest-assured-3.0.5.pom
2019-04-29 10:32:04,551 [Worker-30] INFO  o.e.m.c.i.e.AbstractTransferListenerAdapter - Downloading https://repo.maven.apache.org/maven2/io/rest-assured/rest-assured-parent/3.0.5/rest-assured-parent-3.0.5.pom
2019-04-29 10:32:04,695 [Worker-30] INFO  o.e.m.c.i.e.AbstractTransferListenerAdapter - Downloaded https://repo.maven.apache.org/maven2/io/rest-assured/rest-assured-parent/3.0.5/rest-assured-parent-3.0.5.pom
2019-04-29 10:32:04,757 [Worker-30] INFO  o.e.m.c.i.e.AbstractTransferListenerAdapter - Downloading https://repo.maven.apache.org/maven2/org/codehaus/groovy/groovy/2.4.9/groovy-2.4.9.pom
2019-04-29 10:32:04,862 [Worker-30] INFO  o.e.m.c.i.e.AbstractTransferListenerAdapter - Downloaded https://repo.maven.apache.org/maven2/org/codehaus/groovy/groovy/2.4.9/groovy-2.4.9.pom
2019-04-29 10:32:04,910 [Worker-30] INFO  o.e.m.c.i.e.AbstractTransferListenerAdapter - Downloading https://repo.maven.apache.org/maven2/org/codehaus/groovy/groovy-xml/2.4.9/groovy-xml-2.4.9.pom
2019-04-29 10:32:04,990 [Worker-30] INFO  o.e.m.c.i.e.AbstractTransferListenerAdapter - Downloaded https://repo.maven.apache.org/maven2/org/codehaus/groovy/groovy-xml/2.4.9/groovy-xml-2.4.9.pom
2019-04-29 10:32:05,032 [Worker-30] INFO  o.e.m.c.i.e.AbstractTransferListenerAdapter - Downloading https://repo.maven.apache.org/maven2/org/apache/httpcomponents/httpmime/4.5.1/httpmime-4.5.1.pom
2019-04-29 10:32:05,075 [Worker-30] INFO  o.e.m.c.i.e.AbstractTransferListenerAdapter - Downloaded https://repo.maven.apache.org/maven2/org/apache/httpcomponents/httpmime/4.5.1/httpmime-4.5.1.pom
2019-04-29 10:32:05,124 [Worker-30] INFO  o.e.m.c.i.e.AbstractTransferListenerAdapter - Downloading https://repo.maven.apache.org/maven2/org/apache/httpcomponents/httpcomponents-client/4.5.1/httpcomponents-client-4.5.1.pom
2019-04-29 10:32:05,199 [Worker-30] INFO  o.e.m.c.i.e.AbstractTransferListenerAdapter - Downloaded https://repo.maven.apache.org/maven2/org/apache/httpcomponents/httpcomponents-client/4.5.1/httpcomponents-client-4.5.1.pom
2019-04-29 10:32:05,249 [Worker-30] INFO  o.e.m.c.i.e.AbstractTransferListenerAdapter - Downloading https://repo.maven.apache.org/maven2/org/apache/httpcomponents/httpclient/4.5.1/httpclient-4.5.1.pom
2019-04-29 10:32:05,302 [Worker-30] INFO  o.e.m.c.i.e.AbstractTransferListenerAdapter - Downloaded https://repo.maven.apache.org/maven2/org/apache/httpcomponents/httpclient/4.5.1/httpclient-4.5.1.pom
2019-04-29 10:32:05,372 [Worker-30] INFO  o.e.m.c.i.e.AbstractTransferListenerAdapter - Downloading https://repo.maven.apache.org/maven2/org/apache/httpcomponents/httpcore/4.4.3/httpcore-4.4.3.pom
2019-04-29 10:32:05,427 [Worker-30] INFO  o.e.m.c.i.e.AbstractTransferListenerAdapter - Downloaded https://repo.maven.apache.org/maven2/org/apache/httpcomponents/httpcore/4.4.3/httpcore-4.4.3.pom
2019-04-29 10:32:05,489 [Worker-30] INFO  o.e.m.c.i.e.AbstractTransferListenerAdapter - Downloading https://repo.maven.apache.org/maven2/org/apache/httpcomponents/httpcomponents-core/4.4.3/httpcomponents-core-4.4.3.pom
2019-04-29 10:32:05,553 [Worker-30] INFO  o.e.m.c.i.e.AbstractTransferListenerAdapter - Downloaded https://repo.maven.apache.org/maven2/org/apache/httpcomponents/httpcomponents-core/4.4.3/httpcomponents-core-4.4.3.pom
2019-04-29 10:32:05,623 [Worker-30] INFO  o.e.m.c.i.e.AbstractTransferListenerAdapter - Downloading https://repo.maven.apache.org/maven2/io/rest-assured/json-path/3.0.5/json-path-3.0.5.pom
2019-04-29 10:32:05,665 [Worker-30] INFO  o.e.m.c.i.e.AbstractTransferListenerAdapter - Downloaded https://repo.maven.apache.org/maven2/io/rest-assured/json-path/3.0.5/json-path-3.0.5.pom
2019-04-29 10:32:05,705 [Worker-30] INFO  o.e.m.c.i.e.AbstractTransferListenerAdapter - Downloading https://repo.maven.apache.org/maven2/org/codehaus/groovy/groovy-json/2.4.9/groovy-json-2.4.9.pom
2019-04-29 10:32:05,781 [Worker-30] INFO  o.e.m.c.i.e.AbstractTransferListenerAdapter - Downloaded https://repo.maven.apache.org/maven2/org/codehaus/groovy/groovy-json/2.4.9/groovy-json-2.4.9.pom
2019-04-29 10:32:05,827 [Worker-30] INFO  o.e.m.c.i.e.AbstractTransferListenerAdapter - Downloading https://repo.maven.apache.org/maven2/io/rest-assured/rest-assured-common/3.0.5/rest-assured-common-3.0.5.pom
2019-04-29 10:32:05,865 [Worker-30] INFO  o.e.m.c.i.e.AbstractTransferListenerAdapter - Downloaded https://repo.maven.apache.org/maven2/io/rest-assured/rest-assured-common/3.0.5/rest-assured-common-3.0.5.pom
2019-04-29 10:32:05,927 [Worker-30] INFO  o.e.m.c.i.e.AbstractTransferListenerAdapter - Downloading https://repo.maven.apache.org/maven2/io/rest-assured/xml-path/3.0.5/xml-path-3.0.5.pom
2019-04-29 10:32:05,978 [Worker-30] INFO  o.e.m.c.i.e.AbstractTransferListenerAdapter - Downloaded https://repo.maven.apache.org/maven2/io/rest-assured/xml-path/3.0.5/xml-path-3.0.5.pom
2019-04-29 10:32:06,032 [Worker-30] INFO  o.e.m.c.i.e.AbstractTransferListenerAdapter - Downloading https://repo.maven.apache.org/maven2/io/appium/java-client/5.0.4/java-client-5.0.4.pom
2019-04-29 10:32:06,101 [Worker-30] INFO  o.e.m.c.i.e.AbstractTransferListenerAdapter - Downloaded https://repo.maven.apache.org/maven2/io/appium/java-client/5.0.4/java-client-5.0.4.pom
2019-04-29 10:32:06,145 [Worker-30] INFO  o.e.m.c.i.e.AbstractTransferListenerAdapter - Downloading https://repo.maven.apache.org/maven2/com/google/code/gson/gson/2.8.2/gson-2.8.2.pom
2019-04-29 10:32:06,185 [Worker-30] INFO  o.e.m.c.i.e.AbstractTransferListenerAdapter - Downloaded https://repo.maven.apache.org/maven2/com/google/code/gson/gson/2.8.2/gson-2.8.2.pom
2019-04-29 10:32:06,233 [Worker-30] INFO  o.e.m.c.i.e.AbstractTransferListenerAdapter - Downloading https://repo.maven.apache.org/maven2/com/google/code/gson/gson-parent/2.8.2/gson-parent-2.8.2.pom
2019-04-29 10:32:06,272 [Worker-30] INFO  o.e.m.c.i.e.AbstractTransferListenerAdapter - Downloaded https://repo.maven.apache.org/maven2/com/google/code/gson/gson-parent/2.8.2/gson-parent-2.8.2.pom
2019-04-29 10:32:06,316 [Worker-30] INFO  o.e.m.c.i.e.AbstractTransferListenerAdapter - Downloading https://repo.maven.apache.org/maven2/cglib/cglib/3.2.5/cglib-3.2.5.pom
2019-04-29 10:32:06,376 [Worker-30] INFO  o.e.m.c.i.e.AbstractTransferListenerAdapter - Downloaded https://repo.maven.apache.org/maven2/cglib/cglib/3.2.5/cglib-3.2.5.pom
2019-04-29 10:32:06,427 [Worker-30] INFO  o.e.m.c.i.e.AbstractTransferListenerAdapter - Downloading https://repo.maven.apache.org/maven2/cglib/cglib-parent/3.2.5/cglib-parent-3.2.5.pom
2019-04-29 10:32:06,484 [Worker-30] INFO  o.e.m.c.i.e.AbstractTransferListenerAdapter - Downloaded https://repo.maven.apache.org/maven2/cglib/cglib-parent/3.2.5/cglib-parent-3.2.5.pom
2019-04-29 10:32:06,527 [Worker-30] INFO  o.e.m.c.i.e.AbstractTransferListenerAdapter - Downloading https://repo.maven.apache.org/maven2/org/ow2/asm/asm/5.2/asm-5.2.pom
2019-04-29 10:32:06,566 [Worker-30] INFO  o.e.m.c.i.e.AbstractTransferListenerAdapter - Downloaded https://repo.maven.apache.org/maven2/org/ow2/asm/asm/5.2/asm-5.2.pom
2019-04-29 10:32:06,611 [Worker-30] INFO  o.e.m.c.i.e.AbstractTransferListenerAdapter - Downloading https://repo.maven.apache.org/maven2/org/ow2/asm/asm-parent/5.2/asm-parent-5.2.pom
2019-04-29 10:32:06,656 [Worker-30] INFO  o.e.m.c.i.e.AbstractTransferListenerAdapter - Downloaded https://repo.maven.apache.org/maven2/org/ow2/asm/asm-parent/5.2/asm-parent-5.2.pom
2019-04-29 10:32:06,697 [Worker-30] INFO  o.e.m.c.i.e.AbstractTransferListenerAdapter - Downloading https://repo.maven.apache.org/maven2/org/ow2/ow2/1.3/ow2-1.3.pom
2019-04-29 10:32:06,750 [Worker-30] INFO  o.e.m.c.i.e.AbstractTransferListenerAdapter - Downloaded https://repo.maven.apache.org/maven2/org/ow2/ow2/1.3/ow2-1.3.pom
2019-04-29 10:32:06,802 [Worker-30] INFO  o.e.m.c.i.e.AbstractTransferListenerAdapter - Downloading https://repo.maven.apache.org/maven2/org/apache/ant/ant/1.9.6/ant-1.9.6.pom
2019-04-29 10:32:06,850 [Worker-30] INFO  o.e.m.c.i.e.AbstractTransferListenerAdapter - Downloaded https://repo.maven.apache.org/maven2/org/apache/ant/ant/1.9.6/ant-1.9.6.pom
2019-04-29 10:32:06,889 [Worker-30] INFO  o.e.m.c.i.e.AbstractTransferListenerAdapter - Downloading https://repo.maven.apache.org/maven2/org/apache/ant/ant-parent/1.9.6/ant-parent-1.9.6.pom
2019-04-29 10:32:06,937 [Worker-30] INFO  o.e.m.c.i.e.AbstractTransferListenerAdapter - Downloaded https://repo.maven.apache.org/maven2/org/apache/ant/ant-parent/1.9.6/ant-parent-1.9.6.pom
2019-04-29 10:32:06,981 [Worker-30] INFO  o.e.m.c.i.e.AbstractTransferListenerAdapter - Downloading https://repo.maven.apache.org/maven2/org/apache/ant/ant-launcher/1.9.6/ant-launcher-1.9.6.pom
2019-04-29 10:32:07,021 [Worker-30] INFO  o.e.m.c.i.e.AbstractTransferListenerAdapter - Downloaded https://repo.maven.apache.org/maven2/org/apache/ant/ant-launcher/1.9.6/ant-launcher-1.9.6.pom
2019-04-29 10:32:07,132 [Worker-30] INFO  o.e.m.c.i.e.AbstractTransferListenerAdapter - Downloading https://repo.maven.apache.org/maven2/org/apache/commons/commons-lang3/3.6/commons-lang3-3.6.pom
2019-04-29 10:32:07,246 [Worker-30] INFO  o.e.m.c.i.e.AbstractTransferListenerAdapter - Downloaded https://repo.maven.apache.org/maven2/org/apache/commons/commons-lang3/3.6/commons-lang3-3.6.pom
2019-04-29 10:32:07,315 [Worker-30] INFO  o.e.m.c.i.e.AbstractTransferListenerAdapter - Downloading https://repo.maven.apache.org/maven2/commons-io/commons-io/2.5/commons-io-2.5.pom
2019-04-29 10:32:07,383 [Worker-30] INFO  o.e.m.c.i.e.AbstractTransferListenerAdapter - Downloaded https://repo.maven.apache.org/maven2/commons-io/commons-io/2.5/commons-io-2.5.pom
2019-04-29 10:32:07,430 [Worker-30] INFO  o.e.m.c.i.e.AbstractTransferListenerAdapter - Downloading https://repo.maven.apache.org/maven2/org/springframework/spring-context/5.0.0.RELEASE/spring-context-5.0.0.RELEASE.pom
2019-04-29 10:32:07,478 [Worker-30] INFO  o.e.m.c.i.e.AbstractTransferListenerAdapter - Downloaded https://repo.maven.apache.org/maven2/org/springframework/spring-context/5.0.0.RELEASE/spring-context-5.0.0.RELEASE.pom
2019-04-29 10:32:07,527 [Worker-30] INFO  o.e.m.c.i.e.AbstractTransferListenerAdapter - Downloading https://repo.maven.apache.org/maven2/org/springframework/spring-aop/5.0.0.RELEASE/spring-aop-5.0.0.RELEASE.pom
2019-04-29 10:32:07,586 [Worker-30] INFO  o.e.m.c.i.e.AbstractTransferListenerAdapter - Downloaded https://repo.maven.apache.org/maven2/org/springframework/spring-aop/5.0.0.RELEASE/spring-aop-5.0.0.RELEASE.pom
2019-04-29 10:32:07,627 [Worker-30] INFO  o.e.m.c.i.e.AbstractTransferListenerAdapter - Downloading https://repo.maven.apache.org/maven2/org/springframework/spring-beans/5.0.0.RELEASE/spring-beans-5.0.0.RELEASE.pom
2019-04-29 10:32:07,669 [Worker-30] INFO  o.e.m.c.i.e.AbstractTransferListenerAdapter - Downloaded https://repo.maven.apache.org/maven2/org/springframework/spring-beans/5.0.0.RELEASE/spring-beans-5.0.0.RELEASE.pom
2019-04-29 10:32:07,722 [Worker-30] INFO  o.e.m.c.i.e.AbstractTransferListenerAdapter - Downloading https://repo.maven.apache.org/maven2/org/springframework/spring-core/5.0.0.RELEASE/spring-core-5.0.0.RELEASE.pom
2019-04-29 10:32:07,820 [Worker-30] INFO  o.e.m.c.i.e.AbstractTransferListenerAdapter - Downloaded https://repo.maven.apache.org/maven2/org/springframework/spring-core/5.0.0.RELEASE/spring-core-5.0.0.RELEASE.pom
2019-04-29 10:32:07,861 [Worker-30] INFO  o.e.m.c.i.e.AbstractTransferListenerAdapter - Downloading https://repo.maven.apache.org/maven2/io/projectreactor/reactor-bom/Bismuth-RELEASE/reactor-bom-Bismuth-RELEASE.pom
2019-04-29 10:32:07,902 [Worker-30] INFO  o.e.m.c.i.e.AbstractTransferListenerAdapter - Downloaded https://repo.maven.apache.org/maven2/io/projectreactor/reactor-bom/Bismuth-RELEASE/reactor-bom-Bismuth-RELEASE.pom
2019-04-29 10:32:07,951 [Worker-30] INFO  o.e.m.c.i.e.AbstractTransferListenerAdapter - Downloading https://repo.maven.apache.org/maven2/io/netty/netty-bom/4.1.15.Final/netty-bom-4.1.15.Final.pom
2019-04-29 10:32:08,008 [Worker-30] INFO  o.e.m.c.i.e.AbstractTransferListenerAdapter - Downloaded https://repo.maven.apache.org/maven2/io/netty/netty-bom/4.1.15.Final/netty-bom-4.1.15.Final.pom
2019-04-29 10:32:08,045 [Worker-30] INFO  o.e.m.c.i.e.AbstractTransferListenerAdapter - Downloading https://repo.maven.apache.org/maven2/org/springframework/spring-jcl/5.0.0.RELEASE/spring-jcl-5.0.0.RELEASE.pom
2019-04-29 10:32:08,085 [Worker-30] INFO  o.e.m.c.i.e.AbstractTransferListenerAdapter - Downloaded https://repo.maven.apache.org/maven2/org/springframework/spring-jcl/5.0.0.RELEASE/spring-jcl-5.0.0.RELEASE.pom
2019-04-29 10:32:08,136 [Worker-30] INFO  o.e.m.c.i.e.AbstractTransferListenerAdapter - Downloading https://repo.maven.apache.org/maven2/org/springframework/spring-expression/5.0.0.RELEASE/spring-expression-5.0.0.RELEASE.pom
2019-04-29 10:32:08,195 [Worker-30] INFO  o.e.m.c.i.e.AbstractTransferListenerAdapter - Downloaded https://repo.maven.apache.org/maven2/org/springframework/spring-expression/5.0.0.RELEASE/spring-expression-5.0.0.RELEASE.pom
2019-04-29 10:32:08,239 [Worker-30] INFO  o.e.m.c.i.e.AbstractTransferListenerAdapter - Downloading https://repo.maven.apache.org/maven2/org/aspectj/aspectjweaver/1.8.11/aspectjweaver-1.8.11.pom
2019-04-29 10:32:08,276 [Worker-30] INFO  o.e.m.c.i.e.AbstractTransferListenerAdapter - Downloaded https://repo.maven.apache.org/maven2/org/aspectj/aspectjweaver/1.8.11/aspectjweaver-1.8.11.pom
2019-04-29 10:32:08,327 [Worker-30] INFO  o.e.m.c.i.e.AbstractTransferListenerAdapter - Downloading https://repo.maven.apache.org/maven2/org/openpnp/opencv/3.2.0-1/opencv-3.2.0-1.pom
2019-04-29 10:32:08,387 [Worker-30] INFO  o.e.m.c.i.e.AbstractTransferListenerAdapter - Downloaded https://repo.maven.apache.org/maven2/org/openpnp/opencv/3.2.0-1/opencv-3.2.0-1.pom
2019-04-29 10:32:08,579 [Worker-30] INFO  o.e.m.c.i.e.AbstractTransferListenerAdapter - Downloading https://repo.maven.apache.org/maven2/org/seleniumhq/selenium/selenium-java/3.6.0/selenium-java-3.6.0.jar
2019-04-29 10:32:08,651 [Worker-30] INFO  o.e.m.c.i.e.AbstractTransferListenerAdapter - Downloaded https://repo.maven.apache.org/maven2/org/seleniumhq/selenium/selenium-java/3.6.0/selenium-java-3.6.0.jar
2019-04-29 10:32:08,685 [Worker-30] INFO  o.e.m.c.i.e.AbstractTransferListenerAdapter - Downloading https://repo.maven.apache.org/maven2/org/seleniumhq/selenium/selenium-api/3.6.0/selenium-api-3.6.0.jar
2019-04-29 10:32:09,168 [Worker-30] INFO  o.e.m.c.i.e.AbstractTransferListenerAdapter - Downloaded https://repo.maven.apache.org/maven2/org/seleniumhq/selenium/selenium-api/3.6.0/selenium-api-3.6.0.jar
2019-04-29 10:32:09,218 [Worker-30] INFO  o.e.m.c.i.e.AbstractTransferListenerAdapter - Downloading https://repo.maven.apache.org/maven2/org/seleniumhq/selenium/selenium-chrome-driver/3.6.0/selenium-chrome-driver-3.6.0.jar
2019-04-29 10:32:09,325 [Worker-30] INFO  o.e.m.c.i.e.AbstractTransferListenerAdapter - Downloaded https://repo.maven.apache.org/maven2/org/seleniumhq/selenium/selenium-chrome-driver/3.6.0/selenium-chrome-driver-3.6.0.jar
2019-04-29 10:32:09,364 [Worker-30] INFO  o.e.m.c.i.e.AbstractTransferListenerAdapter - Downloading https://repo.maven.apache.org/maven2/org/seleniumhq/selenium/selenium-edge-driver/3.6.0/selenium-edge-driver-3.6.0.jar
2019-04-29 10:32:09,444 [Worker-30] INFO  o.e.m.c.i.e.AbstractTransferListenerAdapter - Downloaded https://repo.maven.apache.org/maven2/org/seleniumhq/selenium/selenium-edge-driver/3.6.0/selenium-edge-driver-3.6.0.jar
2019-04-29 10:32:09,470 [Worker-30] INFO  o.e.m.c.i.e.AbstractTransferListenerAdapter - Downloading https://repo.maven.apache.org/maven2/org/seleniumhq/selenium/selenium-firefox-driver/3.6.0/selenium-firefox-driver-3.6.0.jar
2019-04-29 10:32:11,779 [Worker-30] INFO  o.e.m.c.i.e.AbstractTransferListenerAdapter - Downloaded https://repo.maven.apache.org/maven2/org/seleniumhq/selenium/selenium-firefox-driver/3.6.0/selenium-firefox-driver-3.6.0.jar
2019-04-29 10:32:11,844 [Worker-30] INFO  o.e.m.c.i.e.AbstractTransferListenerAdapter - Downloading https://repo.maven.apache.org/maven2/org/seleniumhq/selenium/selenium-ie-driver/3.6.0/selenium-ie-driver-3.6.0.jar
2019-04-29 10:32:11,953 [Worker-30] INFO  o.e.m.c.i.e.AbstractTransferListenerAdapter - Downloaded https://repo.maven.apache.org/maven2/org/seleniumhq/selenium/selenium-ie-driver/3.6.0/selenium-ie-driver-3.6.0.jar
2019-04-29 10:32:11,996 [Worker-30] INFO  o.e.m.c.i.e.AbstractTransferListenerAdapter - Downloading https://repo.maven.apache.org/maven2/org/seleniumhq/selenium/selenium-opera-driver/3.6.0/selenium-opera-driver-3.6.0.jar
2019-04-29 10:32:12,076 [Worker-30] INFO  o.e.m.c.i.e.AbstractTransferListenerAdapter - Downloaded https://repo.maven.apache.org/maven2/org/seleniumhq/selenium/selenium-opera-driver/3.6.0/selenium-opera-driver-3.6.0.jar
2019-04-29 10:32:12,146 [Worker-30] INFO  o.e.m.c.i.e.AbstractTransferListenerAdapter - Downloading https://repo.maven.apache.org/maven2/org/seleniumhq/selenium/selenium-remote-driver/3.6.0/selenium-remote-driver-3.6.0.jar
2019-04-29 10:32:13,122 [Worker-30] INFO  o.e.m.c.i.e.AbstractTransferListenerAdapter - Downloaded https://repo.maven.apache.org/maven2/org/seleniumhq/selenium/selenium-remote-driver/3.6.0/selenium-remote-driver-3.6.0.jar
2019-04-29 10:32:13,169 [Worker-30] INFO  o.e.m.c.i.e.AbstractTransferListenerAdapter - Downloading https://repo.maven.apache.org/maven2/org/seleniumhq/selenium/selenium-safari-driver/3.6.0/selenium-safari-driver-3.6.0.jar
2019-04-29 10:32:13,251 [Worker-30] INFO  o.e.m.c.i.e.AbstractTransferListenerAdapter - Downloaded https://repo.maven.apache.org/maven2/org/seleniumhq/selenium/selenium-safari-driver/3.6.0/selenium-safari-driver-3.6.0.jar
2019-04-29 10:32:13,307 [Worker-30] INFO  o.e.m.c.i.e.AbstractTransferListenerAdapter - Downloading https://repo.maven.apache.org/maven2/org/seleniumhq/selenium/selenium-support/3.6.0/selenium-support-3.6.0.jar
2019-04-29 10:32:13,929 [Worker-30] INFO  o.e.m.c.i.e.AbstractTransferListenerAdapter - Downloaded https://repo.maven.apache.org/maven2/org/seleniumhq/selenium/selenium-support/3.6.0/selenium-support-3.6.0.jar
2019-04-29 10:32:14,008 [Worker-30] INFO  o.e.m.c.i.e.AbstractTransferListenerAdapter - Downloading https://repo.maven.apache.org/maven2/net/bytebuddy/byte-buddy/1.7.5/byte-buddy-1.7.5.jar
2019-04-29 10:32:21,873 [Worker-30] INFO  o.e.m.c.i.e.AbstractTransferListenerAdapter - Downloaded https://repo.maven.apache.org/maven2/net/bytebuddy/byte-buddy/1.7.5/byte-buddy-1.7.5.jar
2019-04-29 10:32:21,946 [Worker-30] INFO  o.e.m.c.i.e.AbstractTransferListenerAdapter - Downloading https://repo.maven.apache.org/maven2/com/google/code/gson/gson/2.8.0/gson-2.8.0.jar
2019-04-29 10:32:23,175 [Worker-30] INFO  o.e.m.c.i.e.AbstractTransferListenerAdapter - Downloaded https://repo.maven.apache.org/maven2/com/google/code/gson/gson/2.8.0/gson-2.8.0.jar
2019-04-29 10:32:23,485 [Worker-30] INFO  o.e.m.c.i.e.AbstractTransferListenerAdapter - Downloading https://repo.maven.apache.org/maven2/com/google/guava/guava/23.0/guava-23.0.jar
2019-04-29 10:33:04,996 [Worker-30] INFO  o.e.m.c.i.e.AbstractTransferListenerAdapter - Downloaded https://repo.maven.apache.org/maven2/com/google/guava/guava/23.0/guava-23.0.jar
2019-04-29 10:33:05,043 [Worker-30] INFO  o.e.m.c.i.e.AbstractTransferListenerAdapter - Downloading https://repo.maven.apache.org/maven2/com/google/errorprone/error_prone_annotations/2.0.18/error_prone_annotations-2.0.18.jar
2019-04-29 10:33:05,410 [Worker-30] INFO  o.e.m.c.i.e.AbstractTransferListenerAdapter - Downloaded https://repo.maven.apache.org/maven2/com/google/errorprone/error_prone_annotations/2.0.18/error_prone_annotations-2.0.18.jar
2019-04-29 10:33:05,448 [Worker-30] INFO  o.e.m.c.i.e.AbstractTransferListenerAdapter - Downloading https://repo.maven.apache.org/maven2/net/java/dev/jna/jna/4.1.0/jna-4.1.0.jar
2019-04-29 10:33:18,949 [Worker-30] INFO  o.e.m.c.i.e.AbstractTransferListenerAdapter - Downloaded https://repo.maven.apache.org/maven2/net/java/dev/jna/jna/4.1.0/jna-4.1.0.jar
2019-04-29 10:33:19,002 [Worker-30] INFO  o.e.m.c.i.e.AbstractTransferListenerAdapter - Downloading https://repo.maven.apache.org/maven2/net/java/dev/jna/jna-platform/4.1.0/jna-platform-4.1.0.jar
2019-04-29 10:33:40,147 [Worker-30] INFO  o.e.m.c.i.e.AbstractTransferListenerAdapter - Downloaded https://repo.maven.apache.org/maven2/net/java/dev/jna/jna-platform/4.1.0/jna-platform-4.1.0.jar
2019-04-29 10:33:40,194 [Worker-30] INFO  o.e.m.c.i.e.AbstractTransferListenerAdapter - Downloading https://repo.maven.apache.org/maven2/org/testng/testng/6.11/testng-6.11.jar
2019-04-29 10:33:48,190 [Worker-30] INFO  o.e.m.c.i.e.AbstractTransferListenerAdapter - Downloaded https://repo.maven.apache.org/maven2/org/testng/testng/6.11/testng-6.11.jar
2019-04-29 10:33:48,227 [Worker-30] INFO  o.e.m.c.i.e.AbstractTransferListenerAdapter - Downloading https://repo.maven.apache.org/maven2/com/beust/jcommander/1.64/jcommander-1.64.jar
2019-04-29 10:33:48,797 [Worker-30] INFO  o.e.m.c.i.e.AbstractTransferListenerAdapter - Downloaded https://repo.maven.apache.org/maven2/com/beust/jcommander/1.64/jcommander-1.64.jar
2019-04-29 10:33:48,915 [Worker-30] INFO  o.e.m.c.i.e.AbstractTransferListenerAdapter - Downloading https://repo.maven.apache.org/maven2/org/yaml/snakeyaml/1.17/snakeyaml-1.17.jar
2019-04-29 10:33:51,008 [Worker-30] INFO  o.e.m.c.i.e.AbstractTransferListenerAdapter - Downloaded https://repo.maven.apache.org/maven2/org/yaml/snakeyaml/1.17/snakeyaml-1.17.jar
2019-04-29 10:33:51,045 [Worker-30] INFO  o.e.m.c.i.e.AbstractTransferListenerAdapter - Downloading https://repo.maven.apache.org/maven2/io/rest-assured/rest-assured/3.0.5/rest-assured-3.0.5.jar
2019-04-29 10:33:54,507 [Worker-30] INFO  o.e.m.c.i.e.AbstractTransferListenerAdapter - Downloaded https://repo.maven.apache.org/maven2/io/rest-assured/rest-assured/3.0.5/rest-assured-3.0.5.jar
2019-04-29 10:33:54,552 [Worker-30] INFO  o.e.m.c.i.e.AbstractTransferListenerAdapter - Downloading https://repo.maven.apache.org/maven2/org/codehaus/groovy/groovy/2.4.9/groovy-2.4.9.jar
2019-04-29 10:34:20,147 [Worker-30] INFO  o.e.m.c.i.e.AbstractTransferListenerAdapter - Downloaded https://repo.maven.apache.org/maven2/org/codehaus/groovy/groovy/2.4.9/groovy-2.4.9.jar
2019-04-29 10:34:20,179 [Worker-30] INFO  o.e.m.c.i.e.AbstractTransferListenerAdapter - Downloading https://repo.maven.apache.org/maven2/org/codehaus/groovy/groovy-xml/2.4.9/groovy-xml-2.4.9.jar
2019-04-29 10:34:22,071 [Worker-30] INFO  o.e.m.c.i.e.AbstractTransferListenerAdapter - Downloaded https://repo.maven.apache.org/maven2/org/codehaus/groovy/groovy-xml/2.4.9/groovy-xml-2.4.9.jar
2019-04-29 10:34:22,105 [Worker-30] INFO  o.e.m.c.i.e.AbstractTransferListenerAdapter - Downloading https://repo.maven.apache.org/maven2/org/apache/httpcomponents/httpmime/4.5.1/httpmime-4.5.1.jar
2019-04-29 10:34:22,675 [Worker-30] INFO  o.e.m.c.i.e.AbstractTransferListenerAdapter - Downloaded https://repo.maven.apache.org/maven2/org/apache/httpcomponents/httpmime/4.5.1/httpmime-4.5.1.jar
2019-04-29 10:34:22,795 [Worker-30] INFO  o.e.m.c.i.e.AbstractTransferListenerAdapter - Downloading https://repo.maven.apache.org/maven2/io/rest-assured/json-path/3.0.5/json-path-3.0.5.jar
2019-04-29 10:34:23,659 [Worker-30] INFO  o.e.m.c.i.e.AbstractTransferListenerAdapter - Downloaded https://repo.maven.apache.org/maven2/io/rest-assured/json-path/3.0.5/json-path-3.0.5.jar
2019-04-29 10:34:23,772 [Worker-30] INFO  o.e.m.c.i.e.AbstractTransferListenerAdapter - Downloading https://repo.maven.apache.org/maven2/org/codehaus/groovy/groovy-json/2.4.9/groovy-json-2.4.9.jar
2019-04-29 10:34:24,765 [Worker-30] INFO  o.e.m.c.i.e.AbstractTransferListenerAdapter - Downloaded https://repo.maven.apache.org/maven2/org/codehaus/groovy/groovy-json/2.4.9/groovy-json-2.4.9.jar
2019-04-29 10:34:24,879 [Worker-30] INFO  o.e.m.c.i.e.AbstractTransferListenerAdapter - Downloading https://repo.maven.apache.org/maven2/io/rest-assured/rest-assured-common/3.0.5/rest-assured-common-3.0.5.jar
2019-04-29 10:34:25,381 [Worker-30] INFO  o.e.m.c.i.e.AbstractTransferListenerAdapter - Downloaded https://repo.maven.apache.org/maven2/io/rest-assured/rest-assured-common/3.0.5/rest-assured-common-3.0.5.jar
2019-04-29 10:34:25,498 [Worker-30] INFO  o.e.m.c.i.e.AbstractTransferListenerAdapter - Downloading https://repo.maven.apache.org/maven2/io/rest-assured/xml-path/3.0.5/xml-path-3.0.5.jar
2019-04-29 10:34:26,054 [Worker-30] INFO  o.e.m.c.i.e.AbstractTransferListenerAdapter - Downloaded https://repo.maven.apache.org/maven2/io/rest-assured/xml-path/3.0.5/xml-path-3.0.5.jar
2019-04-29 10:34:26,174 [Worker-30] INFO  o.e.m.c.i.e.AbstractTransferListenerAdapter - Downloading https://repo.maven.apache.org/maven2/io/appium/java-client/5.0.4/java-client-5.0.4.jar
2019-04-29 10:34:28,198 [Worker-30] INFO  o.e.m.c.i.e.AbstractTransferListenerAdapter - Downloaded https://repo.maven.apache.org/maven2/io/appium/java-client/5.0.4/java-client-5.0.4.jar
2019-04-29 10:34:28,235 [Worker-30] INFO  o.e.m.c.i.e.AbstractTransferListenerAdapter - Downloading https://repo.maven.apache.org/maven2/cglib/cglib/3.2.5/cglib-3.2.5.jar
2019-04-29 10:34:30,751 [Worker-30] INFO  o.e.m.c.i.e.AbstractTransferListenerAdapter - Downloaded https://repo.maven.apache.org/maven2/cglib/cglib/3.2.5/cglib-3.2.5.jar
2019-04-29 10:34:30,782 [Worker-30] INFO  o.e.m.c.i.e.AbstractTransferListenerAdapter - Downloading https://repo.maven.apache.org/maven2/org/ow2/asm/asm/5.2/asm-5.2.jar
2019-04-29 10:34:31,309 [Worker-30] INFO  o.e.m.c.i.e.AbstractTransferListenerAdapter - Downloaded https://repo.maven.apache.org/maven2/org/ow2/asm/asm/5.2/asm-5.2.jar
2019-04-29 10:34:31,429 [Worker-30] INFO  o.e.m.c.i.e.AbstractTransferListenerAdapter - Downloading https://repo.maven.apache.org/maven2/org/apache/ant/ant/1.9.6/ant-1.9.6.jar
2019-04-29 10:34:42,456 [Worker-30] INFO  o.e.m.c.i.e.AbstractTransferListenerAdapter - Downloaded https://repo.maven.apache.org/maven2/org/apache/ant/ant/1.9.6/ant-1.9.6.jar
2019-04-29 10:34:42,489 [Worker-30] INFO  o.e.m.c.i.e.AbstractTransferListenerAdapter - Downloading https://repo.maven.apache.org/maven2/org/apache/ant/ant-launcher/1.9.6/ant-launcher-1.9.6.jar
2019-04-29 10:34:42,750 [Worker-30] INFO  o.e.m.c.i.e.AbstractTransferListenerAdapter - Downloaded https://repo.maven.apache.org/maven2/org/apache/ant/ant-launcher/1.9.6/ant-launcher-1.9.6.jar
2019-04-29 10:34:42,784 [Worker-30] INFO  o.e.m.c.i.e.AbstractTransferListenerAdapter - Downloading https://repo.maven.apache.org/maven2/org/apache/commons/commons-lang3/3.6/commons-lang3-3.6.jar
2019-04-29 10:34:45,555 [Worker-30] INFO  o.e.m.c.i.e.AbstractTransferListenerAdapter - Downloaded https://repo.maven.apache.org/maven2/org/apache/commons/commons-lang3/3.6/commons-lang3-3.6.jar
2019-04-29 10:34:45,589 [Worker-30] INFO  o.e.m.c.i.e.AbstractTransferListenerAdapter - Downloading https://repo.maven.apache.org/maven2/commons-io/commons-io/2.5/commons-io-2.5.jar
2019-04-29 10:34:46,791 [Worker-30] INFO  o.e.m.c.i.e.AbstractTransferListenerAdapter - Downloaded https://repo.maven.apache.org/maven2/commons-io/commons-io/2.5/commons-io-2.5.jar
2019-04-29 10:34:46,853 [Worker-30] INFO  o.e.m.c.i.e.AbstractTransferListenerAdapter - Downloading https://repo.maven.apache.org/maven2/org/springframework/spring-context/5.0.0.RELEASE/spring-context-5.0.0.RELEASE.jar
2019-04-29 10:34:52,741 [Worker-30] INFO  o.e.m.c.i.e.AbstractTransferListenerAdapter - Downloaded https://repo.maven.apache.org/maven2/org/springframework/spring-context/5.0.0.RELEASE/spring-context-5.0.0.RELEASE.jar
2019-04-29 10:34:52,782 [Worker-30] INFO  o.e.m.c.i.e.AbstractTransferListenerAdapter - Downloading https://repo.maven.apache.org/maven2/org/springframework/spring-aop/5.0.0.RELEASE/spring-aop-5.0.0.RELEASE.jar
2019-04-29 10:34:54,794 [Worker-30] INFO  o.e.m.c.i.e.AbstractTransferListenerAdapter - Downloaded https://repo.maven.apache.org/maven2/org/springframework/spring-aop/5.0.0.RELEASE/spring-aop-5.0.0.RELEASE.jar
2019-04-29 10:34:54,836 [Worker-30] INFO  o.e.m.c.i.e.AbstractTransferListenerAdapter - Downloading https://repo.maven.apache.org/maven2/org/springframework/spring-beans/5.0.0.RELEASE/spring-beans-5.0.0.RELEASE.jar
2019-04-29 10:34:58,450 [Worker-30] INFO  o.e.m.c.i.e.AbstractTransferListenerAdapter - Downloaded https://repo.maven.apache.org/maven2/org/springframework/spring-beans/5.0.0.RELEASE/spring-beans-5.0.0.RELEASE.jar
2019-04-29 10:34:58,500 [Worker-30] INFO  o.e.m.c.i.e.AbstractTransferListenerAdapter - Downloading https://repo.maven.apache.org/maven2/org/springframework/spring-core/5.0.0.RELEASE/spring-core-5.0.0.RELEASE.jar
2019-04-29 10:35:05,138 [Worker-30] INFO  o.e.m.c.i.e.AbstractTransferListenerAdapter - Downloaded https://repo.maven.apache.org/maven2/org/springframework/spring-core/5.0.0.RELEASE/spring-core-5.0.0.RELEASE.jar
2019-04-29 10:35:05,180 [Worker-30] INFO  o.e.m.c.i.e.AbstractTransferListenerAdapter - Downloading https://repo.maven.apache.org/maven2/org/springframework/spring-jcl/5.0.0.RELEASE/spring-jcl-5.0.0.RELEASE.jar
2019-04-29 10:35:05,462 [Worker-30] INFO  o.e.m.c.i.e.AbstractTransferListenerAdapter - Downloaded https://repo.maven.apache.org/maven2/org/springframework/spring-jcl/5.0.0.RELEASE/spring-jcl-5.0.0.RELEASE.jar
2019-04-29 10:35:05,503 [Worker-30] INFO  o.e.m.c.i.e.AbstractTransferListenerAdapter - Downloading https://repo.maven.apache.org/maven2/org/springframework/spring-expression/5.0.0.RELEASE/spring-expression-5.0.0.RELEASE.jar
2019-04-29 10:35:07,679 [Worker-30] INFO  o.e.m.c.i.e.AbstractTransferListenerAdapter - Downloaded https://repo.maven.apache.org/maven2/org/springframework/spring-expression/5.0.0.RELEASE/spring-expression-5.0.0.RELEASE.jar
2019-04-29 10:35:07,744 [Worker-30] INFO  o.e.m.c.i.e.AbstractTransferListenerAdapter - Downloading https://repo.maven.apache.org/maven2/org/aspectj/aspectjweaver/1.8.11/aspectjweaver-1.8.11.jar
2019-04-29 10:35:18,302 [Worker-30] INFO  o.e.m.c.i.e.AbstractTransferListenerAdapter - Downloaded https://repo.maven.apache.org/maven2/org/aspectj/aspectjweaver/1.8.11/aspectjweaver-1.8.11.jar
2019-04-29 10:35:18,403 [Worker-30] INFO  o.e.m.c.i.e.AbstractTransferListenerAdapter - Downloading https://repo.maven.apache.org/maven2/org/openpnp/opencv/3.2.0-1/opencv-3.2.0-1.jar
2019-04-29 10:40:23,175 [Worker-30] INFO  o.e.m.c.i.e.AbstractTransferListenerAdapter - Downloaded https://repo.maven.apache.org/maven2/org/openpnp/opencv/3.2.0-1/opencv-3.2.0-1.jar
2019-04-29 10:40:32,548 [Worker-30] WARN  o.e.m.c.i.embedder.EclipseLogger - Using platform encoding (Cp1252 actually) to copy filtered resources, i.e. build is platform dependent!
2019-04-29 10:40:32,562 [Worker-30] INFO  o.e.m.c.i.embedder.EclipseLogger - skip non existing resourceDirectory C:\Users\Echin\Mavenjava\src\main\resources
2019-04-29 10:40:32,568 [Worker-30] WARN  o.e.m.c.i.embedder.EclipseLogger - Using platform encoding (Cp1252 actually) to copy filtered resources, i.e. build is platform dependent!
2019-04-29 10:40:32,574 [Worker-30] INFO  o.e.m.c.i.embedder.EclipseLogger - skip non existing resourceDirectory C:\Users\Echin\Mavenjava\src\test\resources
2019-04-29 10:53:48,445 [Worker-30] WARN  o.e.m.c.i.embedder.EclipseLogger - Using platform encoding (Cp1252 actually) to copy filtered resources, i.e. build is platform dependent!
2019-04-29 10:53:48,453 [Worker-30] INFO  o.e.m.c.i.embedder.EclipseLogger - skip non existing resourceDirectory C:\Users\Echin\Mavenjava\src\main\resources
2019-04-29 10:53:48,461 [Worker-30] WARN  o.e.m.c.i.embedder.EclipseLogger - Using platform encoding (Cp1252 actually) to copy filtered resources, i.e. build is platform dependent!
2019-04-29 10:53:48,472 [Worker-30] INFO  o.e.m.c.i.embedder.EclipseLogger - skip non existing resourceDirectory C:\Users\Echin\Mavenjava\src\test\resources
2019-04-29 11:17:08,229 [Worker-30] WARN  o.e.m.c.i.embedder.EclipseLogger - Using platform encoding (Cp1252 actually) to copy filtered resources, i.e. build is platform dependent!
2019-04-29 11:17:08,240 [Worker-30] INFO  o.e.m.c.i.embedder.EclipseLogger - skip non existing resourceDirectory C:\Users\Echin\Mavenjava\src\main\resources
2019-04-29 11:17:08,253 [Worker-30] WARN  o.e.m.c.i.embedder.EclipseLogger - Using platform encoding (Cp1252 actually) to copy filtered resources, i.e. build is platform dependent!
2019-04-29 11:17:08,270 [Worker-30] INFO  o.e.m.c.i.embedder.EclipseLogger - skip non existing resourceDirectory C:\Users\Echin\Mavenjava\src\test\resources
2019-04-29 11:17:08,286 [Worker-30] WARN  o.e.m.c.i.embedder.EclipseLogger - Using platform encoding (Cp1252 actually) to copy filtered resources, i.e. build is platform dependent!
2019-04-29 11:17:08,295 [Worker-30] INFO  o.e.m.c.i.embedder.EclipseLogger - skip non existing resourceDirectory C:\Users\Echin\Mavenjava1\src\main\resources
2019-04-29 11:17:08,306 [Worker-30] WARN  o.e.m.c.i.embedder.EclipseLogger - Using platform encoding (Cp1252 actually) to copy filtered resources, i.e. build is platform dependent!
2019-04-29 11:17:08,333 [Worker-30] INFO  o.e.m.c.i.embedder.EclipseLogger - skip non existing resourceDirectory C:\Users\Echin\Mavenjava1\src\test\resources
2019-04-29 11:39:28,252 [Worker-16] WARN  o.e.m.c.i.embedder.EclipseLogger - Using platform encoding (Cp1252 actually) to copy filtered resources, i.e. build is platform dependent!
2019-04-29 11:39:28,266 [Worker-16] INFO  o.e.m.c.i.embedder.EclipseLogger - skip non existing resourceDirectory C:\Users\Echin\Mavenjava\src\main\resources
2019-04-29 11:39:28,279 [Worker-16] WARN  o.e.m.c.i.embedder.EclipseLogger - Using platform encoding (Cp1252 actually) to copy filtered resources, i.e. build is platform dependent!
2019-04-29 11:39:28,285 [Worker-16] INFO  o.e.m.c.i.embedder.EclipseLogger - skip non existing resourceDirectory C:\Users\Echin\Mavenjava\src\test\resources
2019-04-29 11:39:48,212 [Worker-37] WARN  o.e.m.c.i.embedder.EclipseLogger - Using platform encoding (Cp1252 actually) to copy filtered resources, i.e. build is platform dependent!
2019-04-29 11:39:48,231 [Worker-37] INFO  o.e.m.c.i.embedder.EclipseLogger - skip non existing resourceDirectory C:\Users\Echin\Mavenjava1\src\main\resources
2019-04-29 11:39:48,257 [Worker-37] WARN  o.e.m.c.i.embedder.EclipseLogger - Using platform encoding (Cp1252 actually) to copy filtered resources, i.e. build is platform dependent!
2019-04-29 11:39:48,269 [Worker-37] INFO  o.e.m.c.i.embedder.EclipseLogger - skip non existing resourceDirectory C:\Users\Echin\Mavenjava1\src\test\resources
2019-04-29 11:40:32,462 [Worker-32] WARN  o.e.m.c.i.embedder.EclipseLogger - Using platform encoding (Cp1252 actually) to copy filtered resources, i.e. build is platform dependent!
2019-04-29 11:40:32,471 [Worker-32] INFO  o.e.m.c.i.embedder.EclipseLogger - skip non existing resourceDirectory C:\Users\Echin\Mavenjava\src\main\resources
2019-04-29 11:40:32,476 [Worker-32] WARN  o.e.m.c.i.embedder.EclipseLogger - Using platform encoding (Cp1252 actually) to copy filtered resources, i.e. build is platform dependent!
2019-04-29 11:40:32,486 [Worker-32] INFO  o.e.m.c.i.embedder.EclipseLogger - skip non existing resourceDirectory C:\Users\Echin\Mavenjava\src\test\resources
2019-04-29 11:42:37,154 [Worker-30] INFO  o.e.m.c.i.l.LifecycleMappingFactory - Using org.eclipse.m2e.jdt.JarLifecycleMapping lifecycle mapping for MavenProject: qaclickacademy:Mavenjava:1.0-SNAPSHOT @ C:\Users\Echin\Mavenjava\pom.xml.
2019-04-29 11:42:38,107 [Worker-30] WARN  o.e.m.c.i.embedder.EclipseLogger - Using platform encoding (Cp1252 actually) to copy filtered resources, i.e. build is platform dependent!
2019-04-29 11:42:38,116 [Worker-30] INFO  o.e.m.c.i.embedder.EclipseLogger - skip non existing resourceDirectory C:\Users\Echin\Mavenjava\src\main\resources
2019-04-29 11:42:38,122 [Worker-30] WARN  o.e.m.c.i.embedder.EclipseLogger - Using platform encoding (Cp1252 actually) to copy filtered resources, i.e. build is platform dependent!
2019-04-29 11:42:38,132 [Worker-30] INFO  o.e.m.c.i.embedder.EclipseLogger - skip non existing resourceDirectory C:\Users\Echin\Mavenjava\src\test\resources
2019-04-29 11:47:31,119 [Worker-30] WARN  o.e.m.c.i.embedder.EclipseLogger - Using platform encoding (Cp1252 actually) to copy filtered resources, i.e. build is platform dependent!
2019-04-29 11:47:31,136 [Worker-30] INFO  o.e.m.c.i.embedder.EclipseLogger - skip non existing resourceDirectory C:\Users\Echin\Mavenjava\src\main\resources
2019-04-29 11:47:31,144 [Worker-30] WARN  o.e.m.c.i.embedder.EclipseLogger - Using platform encoding (Cp1252 actually) to copy filtered resources, i.e. build is platform dependent!
2019-04-29 11:47:31,156 [Worker-30] INFO  o.e.m.c.i.embedder.EclipseLogger - skip non existing resourceDirectory C:\Users\Echin\Mavenjava\src\test\resources
2019-04-29 11:49:39,932 [Worker-30] INFO  o.e.m.c.i.l.LifecycleMappingFactory - Using org.eclipse.m2e.jdt.JarLifecycleMapping lifecycle mapping for MavenProject: qaclickacademy:Mavenjava:1.0-SNAPSHOT @ C:\Users\Echin\Mavenjava\pom.xml.
2019-04-29 11:49:40,733 [Worker-30] WARN  o.e.m.c.i.embedder.EclipseLogger - Using platform encoding (Cp1252 actually) to copy filtered resources, i.e. build is platform dependent!
2019-04-29 11:49:40,766 [Worker-30] INFO  o.e.m.c.i.embedder.EclipseLogger - skip non existing resourceDirectory C:\Users\Echin\Mavenjava\src\main\resources
2019-04-29 11:49:40,776 [Worker-30] WARN  o.e.m.c.i.embedder.EclipseLogger - Using platform encoding (Cp1252 actually) to copy filtered resources, i.e. build is platform dependent!
2019-04-29 11:49:40,785 [Worker-30] INFO  o.e.m.c.i.embedder.EclipseLogger - skip non existing resourceDirectory C:\Users\Echin\Mavenjava\src\test\resources
2019-04-29 12:32:07,488 [Worker-41] INFO  o.e.m.c.i.l.LifecycleMappingFactory - Using org.eclipse.m2e.jdt.JarLifecycleMapping lifecycle mapping for MavenProject: qaclickacademy:Mavenjava:1.0-SNAPSHOT @ C:\Users\Echin\Mavenjava\pom.xml.
2019-04-29 12:32:08,405 [Worker-41] WARN  o.e.m.c.i.embedder.EclipseLogger - Using platform encoding (Cp1252 actually) to copy filtered resources, i.e. build is platform dependent!
2019-04-29 12:32:08,412 [Worker-41] INFO  o.e.m.c.i.embedder.EclipseLogger - skip non existing resourceDirectory C:\Users\Echin\Mavenjava\src\main\resources
2019-04-29 12:32:08,413 [Worker-41] WARN  o.e.m.c.i.embedder.EclipseLogger - Using platform encoding (Cp1252 actually) to copy filtered resources, i.e. build is platform dependent!
2019-04-29 12:32:08,426 [Worker-41] INFO  o.e.m.c.i.embedder.EclipseLogger - skip non existing resourceDirectory C:\Users\Echin\Mavenjava\src\test\resources
2019-04-29 12:33:00,674 [Worker-39] WARN  o.e.m.c.i.embedder.EclipseLogger - Using platform encoding (Cp1252 actually) to copy filtered resources, i.e. build is platform dependent!
2019-04-29 12:33:00,684 [Worker-39] INFO  o.e.m.c.i.embedder.EclipseLogger - skip non existing resourceDirectory C:\Users\Echin\Mavenjava\src\main\resources
2019-04-29 12:33:00,691 [Worker-39] WARN  o.e.m.c.i.embedder.EclipseLogger - Using platform encoding (Cp1252 actually) to copy filtered resources, i.e. build is platform dependent!
2019-04-29 12:33:00,704 [Worker-39] INFO  o.e.m.c.i.embedder.EclipseLogger - skip non existing resourceDirectory C:\Users\Echin\Mavenjava\src\test\resources
2019-04-29 12:37:42,457 [Worker-42] INFO  o.e.m.c.i.l.LifecycleMappingFactory - Using org.eclipse.m2e.jdt.JarLifecycleMapping lifecycle mapping for MavenProject: qaclickacademy:Mavenjava:1.0-SNAPSHOT @ C:\Users\Echin\Mavenjava\pom.xml.
2019-04-29 12:37:43,184 [Worker-42] WARN  o.e.m.c.i.embedder.EclipseLogger - Using platform encoding (Cp1252 actually) to copy filtered resources, i.e. build is platform dependent!
2019-04-29 12:37:43,191 [Worker-42] INFO  o.e.m.c.i.embedder.EclipseLogger - skip non existing resourceDirectory C:\Users\Echin\Mavenjava\src\main\resources
2019-04-29 12:37:43,196 [Worker-42] WARN  o.e.m.c.i.embedder.EclipseLogger - Using platform encoding (Cp1252 actually) to copy filtered resources, i.e. build is platform dependent!
2019-04-29 12:37:43,207 [Worker-42] INFO  o.e.m.c.i.embedder.EclipseLogger - skip non existing resourceDirectory C:\Users\Echin\Mavenjava\src\test\resources
2019-04-29 12:46:57,975 [Worker-34] INFO  o.e.m.c.i.l.LifecycleMappingFactory - Using org.eclipse.m2e.jdt.JarLifecycleMapping lifecycle mapping for MavenProject: qaclickacademy:Mavenjava:1.0-SNAPSHOT @ C:\Users\Echin\Mavenjava\pom.xml.
2019-04-29 12:46:59,023 [Worker-34] WARN  o.e.m.c.i.embedder.EclipseLogger - Using platform encoding (Cp1252 actually) to copy filtered resources, i.e. build is platform dependent!
2019-04-29 12:46:59,038 [Worker-34] INFO  o.e.m.c.i.embedder.EclipseLogger - skip non existing resourceDirectory C:\Users\Echin\Mavenjava\src\main\resources
2019-04-29 12:46:59,047 [Worker-34] WARN  o.e.m.c.i.embedder.EclipseLogger - Using platform encoding (Cp1252 actually) to copy filtered resources, i.e. build is platform dependent!
2019-04-29 12:46:59,058 [Worker-34] INFO  o.e.m.c.i.embedder.EclipseLogger - skip non existing resourceDirectory C:\Users\Echin\Mavenjava\src\test\resources
2019-04-29 13:04:21,424 [Worker-34] WARN  o.e.m.c.i.embedder.EclipseLogger - Using platform encoding (Cp1252 actually) to copy filtered resources, i.e. build is platform dependent!
2019-04-29 13:04:21,436 [Worker-34] INFO  o.e.m.c.i.embedder.EclipseLogger - skip non existing resourceDirectory C:\Users\Echin\Mavenjava\src\main\resources
2019-04-29 13:04:21,446 [Worker-34] WARN  o.e.m.c.i.embedder.EclipseLogger - Using platform encoding (Cp1252 actually) to copy filtered resources, i.e. build is platform dependent!
2019-04-29 13:04:21,471 [Worker-34] INFO  o.e.m.c.i.embedder.EclipseLogger - skip non existing resourceDirectory C:\Users\Echin\Mavenjava\src\test\resources
2019-05-01 23:29:12,556 [Worker-5] INFO  o.e.m.c.i.l.LifecycleMappingFactory - Using org.eclipse.m2e.jdt.JarLifecycleMapping lifecycle mapping for MavenProject: qaclickacademy:Mavenjava:1.0-SNAPSHOT @ C:\Users\Echin\Mavenjava\pom.xml.
2019-05-01 23:29:12,556 [Worker-1] INFO  o.e.m.c.i.l.LifecycleMappingFactory - Using org.eclipse.m2e.jdt.JarLifecycleMapping lifecycle mapping for MavenProject: qaclickacademy:Mavenjava:1.0-SNAPSHOT @ C:\Users\Echin\Mavenjava\pom.xml.
2019-05-01 23:29:22,441 [Worker-1] WARN  o.e.m.c.i.embedder.EclipseLogger - Using platform encoding (Cp1252 actually) to copy filtered resources, i.e. build is platform dependent!
2019-05-01 23:29:22,449 [Worker-1] INFO  o.e.m.c.i.embedder.EclipseLogger - skip non existing resourceDirectory C:\Users\Echin\Mavenjava\src\main\resources
2019-05-01 23:29:23,290 [Worker-16] INFO  o.e.m.c.i.l.LifecycleMappingFactory - Using org.eclipse.m2e.jdt.JarLifecycleMapping lifecycle mapping for MavenProject: qaclickacademy:Mavenjava:1.0-SNAPSHOT @ C:\Users\Echin\Mavenjava\pom.xml.
2019-05-01 23:29:23,291 [Worker-1] WARN  o.e.m.c.i.embedder.EclipseLogger - Using platform encoding (Cp1252 actually) to copy filtered resources, i.e. build is platform dependent!
2019-05-01 23:29:23,318 [Worker-1] INFO  o.e.m.c.i.embedder.EclipseLogger - skip non existing resourceDirectory C:\Users\Echin\Mavenjava\src\test\resources
2019-05-01 23:29:24,608 [Worker-16] INFO  o.e.m.c.i.l.LifecycleMappingFactory - Using org.eclipse.m2e.jdt.JarLifecycleMapping lifecycle mapping for MavenProject: qaclickacademy:Mavenjava1:1.0-SNAPSHOT @ C:\Users\Echin\Mavenjava1\pom.xml.
2019-05-01 23:29:24,903 [Worker-7] INFO  o.e.m.c.i.l.LifecycleMappingFactory - Using org.eclipse.m2e.jdt.JarLifecycleMapping lifecycle mapping for MavenProject: qaclickacademy:Mavenjava1:1.0-SNAPSHOT @ C:\Users\Echin\Mavenjava1\pom.xml.
2019-05-01 23:29:25,445 [Worker-7] WARN  o.e.m.c.i.embedder.EclipseLogger - Using platform encoding (Cp1252 actually) to copy filtered resources, i.e. build is platform dependent!
2019-05-01 23:29:25,503 [Worker-7] INFO  o.e.m.c.i.embedder.EclipseLogger - skip non existing resourceDirectory C:\Users\Echin\Mavenjava1\src\main\resources
2019-05-01 23:29:25,505 [Worker-7] WARN  o.e.m.c.i.embedder.EclipseLogger - Using platform encoding (Cp1252 actually) to copy filtered resources, i.e. build is platform dependent!
2019-05-01 23:29:25,515 [Worker-7] INFO  o.e.m.c.i.embedder.EclipseLogger - skip non existing resourceDirectory C:\Users\Echin\Mavenjava1\src\test\resources
2019-05-01 23:29:26,886 [Worker-1] INFO  o.e.m.c.i.l.LifecycleMappingFactory - Using org.eclipse.m2e.jdt.JarLifecycleMapping lifecycle mapping for MavenProject: qaclickacademy:Mavenjava:1.0-SNAPSHOT @ C:\Users\Echin\Mavenjava\pom.xml.
2019-05-01 23:29:28,039 [Worker-1] INFO  o.e.m.c.i.l.LifecycleMappingFactory - Using org.eclipse.m2e.jdt.JarLifecycleMapping lifecycle mapping for MavenProject: qaclickacademy:Mavenjava1:1.0-SNAPSHOT @ C:\Users\Echin\Mavenjava1\pom.xml.
2019-05-02 10:46:06,353 [Worker-6] INFO  o.e.m.c.i.l.LifecycleMappingFactory - Using org.eclipse.m2e.jdt.JarLifecycleMapping lifecycle mapping for MavenProject: qaclickacademy:Mavenjava:1.0-SNAPSHOT @ C:\Users\Echin\Mavenjava\pom.xml.
2019-05-02 10:46:07,363 [Worker-6] INFO  o.e.m.c.i.l.LifecycleMappingFactory - Using org.eclipse.m2e.jdt.JarLifecycleMapping lifecycle mapping for MavenProject: qaclickacademy:Mavenjava1:1.0-SNAPSHOT @ C:\Users\Echin\Mavenjava1\pom.xml.
2019-05-02 12:27:13,517 [Worker-30] WARN  o.e.m.c.i.embedder.EclipseLogger - Using platform encoding (Cp1252 actually) to copy filtered resources, i.e. build is platform dependent!
2019-05-02 12:27:13,580 [Worker-30] INFO  o.e.m.c.i.embedder.EclipseLogger - skip non existing resourceDirectory C:\Users\Echin\Mavenjava\src\main\resources
2019-05-02 12:27:13,586 [Worker-30] WARN  o.e.m.c.i.embedder.EclipseLogger - Using platform encoding (Cp1252 actually) to copy filtered resources, i.e. build is platform dependent!
2019-05-02 12:27:13,598 [Worker-30] INFO  o.e.m.c.i.embedder.EclipseLogger - skip non existing resourceDirectory C:\Users\Echin\Mavenjava\src\test\resources
2019-05-02 12:27:15,650 [Worker-30] WARN  o.e.m.c.i.embedder.EclipseLogger - Using platform encoding (Cp1252 actually) to copy filtered resources, i.e. build is platform dependent!
2019-05-02 12:27:15,655 [Worker-30] INFO  o.e.m.c.i.embedder.EclipseLogger - skip non existing resourceDirectory C:\Users\Echin\Mavenjava1\src\main\resources
2019-05-02 12:27:15,657 [Worker-30] WARN  o.e.m.c.i.embedder.EclipseLogger - Using platform encoding (Cp1252 actually) to copy filtered resources, i.e. build is platform dependent!
2019-05-02 12:27:15,662 [Worker-30] INFO  o.e.m.c.i.embedder.EclipseLogger - skip non existing resourceDirectory C:\Users\Echin\Mavenjava1\src\test\resources
2019-05-02 12:27:19,087 [Worker-6] WARN  o.e.m.c.i.embedder.EclipseLogger - Using platform encoding (Cp1252 actually) to copy filtered resources, i.e. build is platform dependent!
2019-05-02 12:27:19,107 [Worker-6] INFO  o.e.m.c.i.embedder.EclipseLogger - skip non existing resourceDirectory C:\Users\Echin\Mavenjava\src\main\resources
2019-05-02 12:27:19,110 [Worker-6] WARN  o.e.m.c.i.embedder.EclipseLogger - Using platform encoding (Cp1252 actually) to copy filtered resources, i.e. build is platform dependent!
2019-05-02 12:27:19,122 [Worker-6] INFO  o.e.m.c.i.embedder.EclipseLogger - skip non existing resourceDirectory C:\Users\Echin\Mavenjava\src\test\resources
2019-05-02 14:07:53,058 [Worker-1] INFO  o.e.m.c.i.l.LifecycleMappingFactory - Using org.eclipse.m2e.jdt.JarLifecycleMapping lifecycle mapping for MavenProject: qaclickacademy:Mavenjava:1.0-SNAPSHOT @ C:\Users\Echin\Mavenjava\pom.xml.
2019-05-02 14:07:53,058 [Worker-2] INFO  o.e.m.c.i.l.LifecycleMappingFactory - Using org.eclipse.m2e.jdt.JarLifecycleMapping lifecycle mapping for MavenProject: qaclickacademy:Mavenjava:1.0-SNAPSHOT @ C:\Users\Echin\Mavenjava\pom.xml.
2019-05-02 14:08:01,615 [Worker-1] WARN  o.e.m.c.i.embedder.EclipseLogger - Using platform encoding (Cp1252 actually) to copy filtered resources, i.e. build is platform dependent!
2019-05-02 14:08:01,656 [Worker-1] INFO  o.e.m.c.i.embedder.EclipseLogger - skip non existing resourceDirectory C:\Users\Echin\Mavenjava\src\main\resources
2019-05-02 14:08:01,656 [Worker-1] WARN  o.e.m.c.i.embedder.EclipseLogger - Using platform encoding (Cp1252 actually) to copy filtered resources, i.e. build is platform dependent!
2019-05-02 14:08:01,666 [Worker-1] INFO  o.e.m.c.i.embedder.EclipseLogger - skip non existing resourceDirectory C:\Users\Echin\Mavenjava\src\test\resources
2019-05-02 14:08:20,945 [Worker-1] INFO  o.e.m.c.i.l.LifecycleMappingFactory - Using org.eclipse.m2e.jdt.JarLifecycleMapping lifecycle mapping for MavenProject: qaclickacademy:Mavenjava:1.0-SNAPSHOT @ C:\Users\Echin\Mavenjava\pom.xml.
2019-05-06 10:39:51,000 [Worker-45] INFO  o.e.m.c.i.l.LifecycleMappingFactory - Using org.eclipse.m2e.jdt.JarLifecycleMapping lifecycle mapping for MavenProject: Framework:Exceldriven:0.0.1-SNAPSHOT @ C:\Users\Echin\Exceldriven\pom.xml.
2019-05-06 10:39:58,096 [Worker-45] INFO  o.e.m.j.i.AbstractJavaProjectConfigurator - Adding source folder /Exceldriven/src/main/java
2019-05-06 10:39:58,098 [Worker-45] INFO  o.e.m.j.i.AbstractJavaProjectConfigurator - Adding resource folder /Exceldriven/src/main/resources
2019-05-06 10:39:58,099 [Worker-45] INFO  o.e.m.j.i.AbstractJavaProjectConfigurator - Adding source folder /Exceldriven/src/test/java
2019-05-06 10:39:58,100 [Worker-45] INFO  o.e.m.j.i.AbstractJavaProjectConfigurator - Adding resource folder /Exceldriven/src/test/resources
2019-05-06 10:40:08,404 [Worker-52] WARN  o.e.m.c.i.embedder.EclipseLogger - Using platform encoding (Cp1252 actually) to copy filtered resources, i.e. build is platform dependent!
2019-05-06 10:40:08,472 [Worker-52] INFO  o.e.m.c.i.embedder.EclipseLogger - Copying 0 resource
2019-05-06 10:40:08,475 [Worker-52] WARN  o.e.m.c.i.embedder.EclipseLogger - Using platform encoding (Cp1252 actually) to copy filtered resources, i.e. build is platform dependent!
2019-05-06 10:40:08,482 [Worker-52] INFO  o.e.m.c.i.embedder.EclipseLogger - Copying 0 resource
2019-05-06 10:54:00,356 [Worker-57] INFO  o.e.m.c.i.l.LifecycleMappingFactory - Using org.eclipse.m2e.jdt.JarLifecycleMapping lifecycle mapping for MavenProject: Framework:Exceldriven:0.0.1-SNAPSHOT @ C:\Users\Echin\Exceldriven\pom.xml.
2019-05-06 10:54:06,064 [Worker-57] INFO  o.e.m.c.i.e.AbstractTransferListenerAdapter - Downloading https://repo.maven.apache.org/maven2/org/apache/poi/poi-ooxml/3.17/poi-ooxml-3.17.pom
2019-05-06 10:54:06,146 [Worker-57] INFO  o.e.m.c.i.e.AbstractTransferListenerAdapter - Downloaded https://repo.maven.apache.org/maven2/org/apache/poi/poi-ooxml/3.17/poi-ooxml-3.17.pom
2019-05-06 10:54:06,210 [Worker-57] INFO  o.e.m.c.i.e.AbstractTransferListenerAdapter - Downloading https://repo.maven.apache.org/maven2/org/apache/poi/poi/3.17/poi-3.17.pom
2019-05-06 10:54:06,287 [Worker-57] INFO  o.e.m.c.i.e.AbstractTransferListenerAdapter - Downloaded https://repo.maven.apache.org/maven2/org/apache/poi/poi/3.17/poi-3.17.pom
2019-05-06 10:54:06,428 [Worker-57] INFO  o.e.m.c.i.e.AbstractTransferListenerAdapter - Downloading https://repo.maven.apache.org/maven2/org/apache/commons/commons-collections4/4.1/commons-collections4-4.1.pom
2019-05-06 10:54:06,539 [Worker-57] INFO  o.e.m.c.i.e.AbstractTransferListenerAdapter - Downloaded https://repo.maven.apache.org/maven2/org/apache/commons/commons-collections4/4.1/commons-collections4-4.1.pom
2019-05-06 10:54:06,639 [Worker-57] INFO  o.e.m.c.i.e.AbstractTransferListenerAdapter - Downloading https://repo.maven.apache.org/maven2/org/apache/commons/commons-parent/38/commons-parent-38.pom
2019-05-06 10:54:06,894 [Worker-57] INFO  o.e.m.c.i.e.AbstractTransferListenerAdapter - Downloaded https://repo.maven.apache.org/maven2/org/apache/commons/commons-parent/38/commons-parent-38.pom
2019-05-06 10:54:06,968 [Worker-57] INFO  o.e.m.c.i.e.AbstractTransferListenerAdapter - Downloading https://repo.maven.apache.org/maven2/org/apache/poi/poi-ooxml-schemas/3.17/poi-ooxml-schemas-3.17.pom
2019-05-06 10:54:07,023 [Worker-57] INFO  o.e.m.c.i.e.AbstractTransferListenerAdapter - Downloaded https://repo.maven.apache.org/maven2/org/apache/poi/poi-ooxml-schemas/3.17/poi-ooxml-schemas-3.17.pom
2019-05-06 10:54:07,104 [Worker-57] INFO  o.e.m.c.i.e.AbstractTransferListenerAdapter - Downloading https://repo.maven.apache.org/maven2/org/apache/xmlbeans/xmlbeans/2.6.0/xmlbeans-2.6.0.pom
2019-05-06 10:54:07,158 [Worker-57] INFO  o.e.m.c.i.e.AbstractTransferListenerAdapter - Downloaded https://repo.maven.apache.org/maven2/org/apache/xmlbeans/xmlbeans/2.6.0/xmlbeans-2.6.0.pom
2019-05-06 10:54:07,215 [Worker-57] INFO  o.e.m.c.i.e.AbstractTransferListenerAdapter - Downloading https://repo.maven.apache.org/maven2/stax/stax-api/1.0.1/stax-api-1.0.1.pom
2019-05-06 10:54:07,274 [Worker-57] INFO  o.e.m.c.i.e.AbstractTransferListenerAdapter - Downloaded https://repo.maven.apache.org/maven2/stax/stax-api/1.0.1/stax-api-1.0.1.pom
2019-05-06 10:54:07,341 [Worker-57] INFO  o.e.m.c.i.e.AbstractTransferListenerAdapter - Downloading https://repo.maven.apache.org/maven2/com/github/virtuald/curvesapi/1.04/curvesapi-1.04.pom
2019-05-06 10:54:07,439 [Worker-57] INFO  o.e.m.c.i.e.AbstractTransferListenerAdapter - Downloaded https://repo.maven.apache.org/maven2/com/github/virtuald/curvesapi/1.04/curvesapi-1.04.pom
2019-05-06 10:54:07,510 [Worker-57] INFO  o.e.m.c.i.e.AbstractTransferListenerAdapter - Downloading https://repo.maven.apache.org/maven2/org/apache/poi/poi-ooxml/3.17/poi-ooxml-3.17.jar
2019-05-06 10:54:11,660 [Worker-57] INFO  o.e.m.c.i.e.AbstractTransferListenerAdapter - Downloaded https://repo.maven.apache.org/maven2/org/apache/poi/poi-ooxml/3.17/poi-ooxml-3.17.jar
2019-05-06 10:54:11,747 [Worker-57] INFO  o.e.m.c.i.e.AbstractTransferListenerAdapter - Downloading https://repo.maven.apache.org/maven2/org/apache/poi/poi-ooxml-schemas/3.17/poi-ooxml-schemas-3.17.jar
2019-05-06 10:54:27,912 [Worker-57] INFO  o.e.m.c.i.e.AbstractTransferListenerAdapter - Downloaded https://repo.maven.apache.org/maven2/org/apache/poi/poi-ooxml-schemas/3.17/poi-ooxml-schemas-3.17.jar
2019-05-06 10:54:27,963 [Worker-57] INFO  o.e.m.c.i.e.AbstractTransferListenerAdapter - Downloading https://repo.maven.apache.org/maven2/org/apache/xmlbeans/xmlbeans/2.6.0/xmlbeans-2.6.0.jar
2019-05-06 10:54:35,467 [Worker-57] INFO  o.e.m.c.i.e.AbstractTransferListenerAdapter - Downloaded https://repo.maven.apache.org/maven2/org/apache/xmlbeans/xmlbeans/2.6.0/xmlbeans-2.6.0.jar
2019-05-06 10:54:35,515 [Worker-57] INFO  o.e.m.c.i.e.AbstractTransferListenerAdapter - Downloading https://repo.maven.apache.org/maven2/stax/stax-api/1.0.1/stax-api-1.0.1.jar
2019-05-06 10:54:35,905 [Worker-57] INFO  o.e.m.c.i.e.AbstractTransferListenerAdapter - Downloaded https://repo.maven.apache.org/maven2/stax/stax-api/1.0.1/stax-api-1.0.1.jar
2019-05-06 10:54:35,950 [Worker-57] INFO  o.e.m.c.i.e.AbstractTransferListenerAdapter - Downloading https://repo.maven.apache.org/maven2/com/github/virtuald/curvesapi/1.04/curvesapi-1.04.jar
2019-05-06 10:54:36,973 [Worker-57] INFO  o.e.m.c.i.e.AbstractTransferListenerAdapter - Downloaded https://repo.maven.apache.org/maven2/com/github/virtuald/curvesapi/1.04/curvesapi-1.04.jar
2019-05-06 10:54:37,017 [Worker-57] INFO  o.e.m.c.i.e.AbstractTransferListenerAdapter - Downloading https://repo.maven.apache.org/maven2/org/apache/poi/poi/3.17/poi-3.17.jar
2019-05-06 10:54:44,436 [Worker-57] INFO  o.e.m.c.i.e.AbstractTransferListenerAdapter - Downloaded https://repo.maven.apache.org/maven2/org/apache/poi/poi/3.17/poi-3.17.jar
2019-05-06 10:54:44,483 [Worker-57] INFO  o.e.m.c.i.e.AbstractTransferListenerAdapter - Downloading https://repo.maven.apache.org/maven2/org/apache/commons/commons-collections4/4.1/commons-collections4-4.1.jar
2019-05-06 10:54:46,679 [Worker-57] INFO  o.e.m.c.i.e.AbstractTransferListenerAdapter - Downloaded https://repo.maven.apache.org/maven2/org/apache/commons/commons-collections4/4.1/commons-collections4-4.1.jar
2019-05-06 10:54:48,984 [Worker-57] WARN  o.e.m.c.i.embedder.EclipseLogger - Using platform encoding (Cp1252 actually) to copy filtered resources, i.e. build is platform dependent!
2019-05-06 10:54:49,001 [Worker-57] INFO  o.e.m.c.i.embedder.EclipseLogger - Copying 0 resource
2019-05-06 10:54:49,010 [Worker-57] WARN  o.e.m.c.i.embedder.EclipseLogger - Using platform encoding (Cp1252 actually) to copy filtered resources, i.e. build is platform dependent!
2019-05-06 10:54:49,018 [Worker-57] INFO  o.e.m.c.i.embedder.EclipseLogger - Copying 0 resource
2019-05-06 10:54:50,853 [Worker-53] WARN  o.e.m.c.i.embedder.EclipseLogger - Using platform encoding (Cp1252 actually) to copy filtered resources, i.e. build is platform dependent!
2019-05-06 10:54:50,863 [Worker-53] INFO  o.e.m.c.i.embedder.EclipseLogger - Copying 0 resource
2019-05-06 10:54:50,865 [Worker-53] WARN  o.e.m.c.i.embedder.EclipseLogger - Using platform encoding (Cp1252 actually) to copy filtered resources, i.e. build is platform dependent!
2019-05-06 10:54:50,872 [Worker-53] INFO  o.e.m.c.i.embedder.EclipseLogger - Copying 0 resource
2019-05-06 11:46:22,102 [Worker-69] WARN  o.e.m.c.i.embedder.EclipseLogger - Using platform encoding (Cp1252 actually) to copy filtered resources, i.e. build is platform dependent!
2019-05-06 11:46:22,196 [Worker-69] INFO  o.e.m.c.i.embedder.EclipseLogger - Copying 0 resource
2019-05-06 11:46:22,248 [Worker-69] WARN  o.e.m.c.i.embedder.EclipseLogger - Using platform encoding (Cp1252 actually) to copy filtered resources, i.e. build is platform dependent!
2019-05-06 11:46:22,255 [Worker-69] INFO  o.e.m.c.i.embedder.EclipseLogger - Copying 0 resource
2019-05-06 21:39:55,162 [Worker-2] INFO  o.e.m.c.i.l.LifecycleMappingFactory - Using org.eclipse.m2e.jdt.JarLifecycleMapping lifecycle mapping for MavenProject: Framework:Exceldriven:0.0.1-SNAPSHOT @ C:\Users\Echin\Exceldriven\pom.xml.
2019-05-06 21:40:03,317 [Worker-2] WARN  o.e.m.c.i.embedder.EclipseLogger - Using platform encoding (Cp1252 actually) to copy filtered resources, i.e. build is platform dependent!
2019-05-06 21:40:03,415 [Worker-2] INFO  o.e.m.c.i.embedder.EclipseLogger - Copying 0 resource
2019-05-06 21:40:03,417 [Worker-2] WARN  o.e.m.c.i.embedder.EclipseLogger - Using platform encoding (Cp1252 actually) to copy filtered resources, i.e. build is platform dependent!
2019-05-06 21:40:03,425 [Worker-2] INFO  o.e.m.c.i.embedder.EclipseLogger - Copying 0 resource
2019-05-06 21:40:40,661 [Worker-2] WARN  o.e.m.c.i.embedder.EclipseLogger - Using platform encoding (Cp1252 actually) to copy filtered resources, i.e. build is platform dependent!
2019-05-06 21:40:40,679 [Worker-2] INFO  o.e.m.c.i.embedder.EclipseLogger - skip non existing resourceDirectory C:\Users\Echin\Mavenjava\src\main\resources
2019-05-06 21:40:40,681 [Worker-2] WARN  o.e.m.c.i.embedder.EclipseLogger - Using platform encoding (Cp1252 actually) to copy filtered resources, i.e. build is platform dependent!
2019-05-06 21:40:40,687 [Worker-2] INFO  o.e.m.c.i.embedder.EclipseLogger - skip non existing resourceDirectory C:\Users\Echin\Mavenjava\src\test\resources
2019-05-06 21:40:41,534 [Worker-10] WARN  o.e.m.c.i.embedder.EclipseLogger - Using platform encoding (Cp1252 actually) to copy filtered resources, i.e. build is platform dependent!
2019-05-06 21:40:41,551 [Worker-10] INFO  o.e.m.c.i.embedder.EclipseLogger - skip non existing resourceDirectory C:\Users\Echin\Mavenjava\src\main\resources
2019-05-06 21:40:41,554 [Worker-10] WARN  o.e.m.c.i.embedder.EclipseLogger - Using platform encoding (Cp1252 actually) to copy filtered resources, i.e. build is platform dependent!
2019-05-06 21:40:41,563 [Worker-10] INFO  o.e.m.c.i.embedder.EclipseLogger - skip non existing resourceDirectory C:\Users\Echin\Mavenjava\src\test\resources
